Using pre-set license
Built from '2021.3/staging' branch; Version is '2021.3.2f1 (d6360bedb9a0) revision 14038539'; Using compiler version '192829333'; Build Type 'Release'
OS: 'Windows 10  (10.0.19044) 64bit Professional' Language: 'pt' Physical Memory: 32708 MB
BatchMode: 1, IsHumanControllingUs: 0, StartBugReporterOnCrash: 0, Is64bit: 1, IsPro: 1

COMMAND LINE ARGUMENTS:
C:\Program Files\Unity\Hub\Editor\2021.3.2f1\Editor\Unity.exe
-adb2
-batchMode
-noUpm
-name
AssetImportWorker0
-projectPath
C:/Users/pc/Documents/GitHub/ToKRmk
-logFile
Logs/AssetImportWorker0.log
-srvPort
53138
Successfully changed project path to: C:/Users/pc/Documents/GitHub/ToKRmk
C:/Users/pc/Documents/GitHub/ToKRmk
[UnityMemory] Configuration Parameters - Can be set up in boot.config
    "memorysetup-bucket-allocator-granularity=16"
    "memorysetup-bucket-allocator-bucket-count=8"
    "memorysetup-bucket-allocator-block-size=33554432"
    "memorysetup-bucket-allocator-block-count=8"
    "memorysetup-main-allocator-block-size=16777216"
    "memorysetup-thread-allocator-block-size=16777216"
    "memorysetup-gfx-main-allocator-block-size=16777216"
    "memorysetup-gfx-thread-allocator-block-size=16777216"
    "memorysetup-cache-allocator-block-size=4194304"
    "memorysetup-typetree-allocator-block-size=2097152"
    "memorysetup-profiler-bucket-allocator-granularity=16"
    "memorysetup-profiler-bucket-allocator-bucket-count=8"
    "memorysetup-profiler-bucket-allocator-block-size=33554432"
    "memorysetup-profiler-bucket-allocator-block-count=8"
    "memorysetup-profiler-allocator-block-size=16777216"
    "memorysetup-profiler-editor-allocator-block-size=1048576"
    "memorysetup-temp-allocator-size-main=16777216"
    "memorysetup-job-temp-allocator-block-size=2097152"
    "memorysetup-job-temp-allocator-block-size-background=1048576"
    "memorysetup-job-temp-allocator-reduction-small-platforms=262144"
    "memorysetup-temp-allocator-size-background-worker=32768"
    "memorysetup-temp-allocator-size-job-worker=262144"
    "memorysetup-temp-allocator-size-preload-manager=33554432"
    "memorysetup-temp-allocator-size-nav-mesh-worker=65536"
    "memorysetup-temp-allocator-size-audio-worker=65536"
    "memorysetup-temp-allocator-size-cloud-worker=32768"
    "memorysetup-temp-allocator-size-gi-baking-worker=262144"
    "memorysetup-temp-allocator-size-gfx=262144"
Refreshing native plugins compatible for Editor in 59.21 ms, found 3 plugins.
Preloading 0 native plugins for Editor in 0.00 ms.
Initialize engine version: 2021.3.2f1 (d6360bedb9a0)
[Subsystems] Discovering subsystems at path C:/Program Files/Unity/Hub/Editor/2021.3.2f1/Editor/Data/Resources/UnitySubsystems
[Subsystems] Discovering subsystems at path C:/Users/pc/Documents/GitHub/ToKRmk/Assets
GfxDevice: creating device client; threaded=0; jobified=0
Direct3D:
    Version:  Direct3D 11.0 [level 11.1]
    Renderer: Radeon RX 570 Series (ID=0x67df)
    Vendor:   ATI
    VRAM:     4074 MB
    Driver:   30.0.15021.11005
Initialize mono
Mono path[0] = 'C:/Program Files/Unity/Hub/Editor/2021.3.2f1/Editor/Data/Managed'
Mono path[1] = 'C:/Program Files/Unity/Hub/Editor/2021.3.2f1/Editor/Data/MonoBleedingEdge/lib/mono/unityjit-win32'
Mono config path = 'C:/Program Files/Unity/Hub/Editor/2021.3.2f1/Editor/Data/MonoBleedingEdge/etc'
Using monoOptions --debugger-agent=transport=dt_socket,embedding=1,server=y,suspend=n,address=127.0.0.1:56752
Begin MonoManager ReloadAssembly
Registering precompiled unity dll's ...
Register platform support module: C:/Program Files/Unity/Hub/Editor/2021.3.2f1/Editor/Data/PlaybackEngines/WebGLSupport/UnityEditor.WebGL.Extensions.dll
Register platform support module: C:/Program Files/Unity/Hub/Editor/2021.3.2f1/Editor/Data/PlaybackEngines/WindowsStandaloneSupport/UnityEditor.WindowsStandalone.Extensions.dll
Registered in 0.008862 seconds.
Native extension for WindowsStandalone target not found
Native extension for WebGL target not found
Refreshing native plugins compatible for Editor in 56.20 ms, found 3 plugins.
Preloading 0 native plugins for Editor in 0.00 ms.
Mono: successfully reloaded assembly
- Completed reload, in  0.739 seconds
Domain Reload Profiling:
	ReloadAssembly (740ms)
		BeginReloadAssembly (86ms)
			ExecutionOrderSort (0ms)
			DisableScriptedObjects (0ms)
			BackupInstance (0ms)
			ReleaseScriptingObjects (0ms)
			CreateAndSetChildDomain (1ms)
		EndReloadAssembly (514ms)
			LoadAssemblies (83ms)
			RebuildTransferFunctionScriptingTraits (0ms)
			SetupTypeCache (129ms)
			ReleaseScriptCaches (0ms)
			RebuildScriptCaches (35ms)
			SetupLoadedEditorAssemblies (286ms)
				LogAssemblyErrors (0ms)
				InitializePlatformSupportModulesInManaged (11ms)
				SetLoadedEditorAssemblies (0ms)
				RefreshPlugins (56ms)
				BeforeProcessingInitializeOnLoad (2ms)
				ProcessInitializeOnLoadAttributes (161ms)
				ProcessInitializeOnLoadMethodAttributes (56ms)
				AfterProcessingInitializeOnLoad (0ms)
				EditorAssembliesLoaded (0ms)
			ExecutionOrderSort2 (0ms)
			AwakeInstancesAfterBackupRestoration (0ms)
Platform modules already initialized, skipping
Registering precompiled user dll's ...
Registered in 0.006719 seconds.
Begin MonoManager ReloadAssembly
Native extension for WindowsStandalone target not found
Native extension for WebGL target not found
Refreshing native plugins compatible for Editor in 55.98 ms, found 3 plugins.
Preloading 0 native plugins for Editor in 0.00 ms.
Mono: successfully reloaded assembly
- Completed reload, in  1.215 seconds
Domain Reload Profiling:
	ReloadAssembly (1216ms)
		BeginReloadAssembly (138ms)
			ExecutionOrderSort (0ms)
			DisableScriptedObjects (8ms)
			BackupInstance (0ms)
			ReleaseScriptingObjects (0ms)
			CreateAndSetChildDomain (21ms)
		EndReloadAssembly (934ms)
			LoadAssemblies (92ms)
			RebuildTransferFunctionScriptingTraits (0ms)
			SetupTypeCache (243ms)
			ReleaseScriptCaches (1ms)
			RebuildScriptCaches (61ms)
			SetupLoadedEditorAssemblies (475ms)
				LogAssemblyErrors (0ms)
				InitializePlatformSupportModulesInManaged (7ms)
				SetLoadedEditorAssemblies (0ms)
				RefreshPlugins (56ms)
				BeforeProcessingInitializeOnLoad (87ms)
				ProcessInitializeOnLoadAttributes (263ms)
				ProcessInitializeOnLoadMethodAttributes (53ms)
				AfterProcessingInitializeOnLoad (9ms)
				EditorAssembliesLoaded (0ms)
			ExecutionOrderSort2 (0ms)
			AwakeInstancesAfterBackupRestoration (8ms)
Platform modules already initialized, skipping
========================================================================
Worker process is ready to serve import requests
Launched and connected shader compiler UnityShaderCompiler.exe after 0.07 seconds
Refreshing native plugins compatible for Editor in 0.78 ms, found 3 plugins.
Preloading 0 native plugins for Editor in 0.00 ms.
Unloading 2489 Unused Serialized files (Serialized files now loaded: 0)
Unloading 33 unused Assets / (55.8 KB). Loaded Objects now: 2949.
Memory consumption went from 111.3 MB to 111.3 MB.
Total: 3.511100 ms (FindLiveObjects: 0.238200 ms CreateObjectMapping: 0.102200 ms MarkObjects: 3.091800 ms  DeleteObjects: 0.077400 ms)

AssetImportParameters requested are different than current active one (requested -> active):
  custom:video-decoder-ogg-theora: a1e56fd34408186e4bbccfd4996cb3dc -> 
  custom:container-muxer-webm: aa71ff27fc2769a1b78a27578f13a17b -> 
  custom:container-demuxer-webm: 4f35f7cbe854078d1ac9338744f61a02 -> 
  custom:video-encoder-webm-vp8: eb34c28f22e8b96e1ab97ce403110664 -> 
  custom:audio-encoder-webm-vorbis: bf7c407c2cedff20999df2af8eb42d56 -> 
  custom:framework-win-MediaFoundation: 216162199b28c13a410421893ffa2e32 -> 
  custom:container-demuxer-ogg: 62fdf1f143b41e24485cea50d1cbac27 -> 
  custom:video-decoder-webm-vp8: 9c59270c3fd7afecdb556c50c9e8de78 -> 
  custom:audio-decoder-ogg-vorbis: bf7c407c2cedff20999df2af8eb42d56 -> 
========================================================================
Received Import Request.
  Time since last request: 1545.627783 seconds.
  path: Assets/TextMesh Pro
  artifactKey: Guid(f54d1bd14bd3ca042bd867b519fee8cc) Importer(815301076,1909f56bfc062723c751e8b465ee728b)
Start importing Assets/TextMesh Pro using Guid(f54d1bd14bd3ca042bd867b519fee8cc) Importer(815301076,1909f56bfc062723c751e8b465ee728b)  -> (artifact id: '6d457b26d2bc8024e58729449d46e968') in 0.010184 seconds 
========================================================================
Received Import Request.
  Time since last request: 0.000022 seconds.
  path: Assets/Scripts
  artifactKey: Guid(c0358871f7cbed141a2a94e2544e69b0) Importer(815301076,1909f56bfc062723c751e8b465ee728b)
Start importing Assets/Scripts using Guid(c0358871f7cbed141a2a94e2544e69b0) Importer(815301076,1909f56bfc062723c751e8b465ee728b)  -> (artifact id: '0912fe6195cd21da9383a60033164d92') in 0.006804 seconds 
========================================================================
Received Import Request.
  Time since last request: 0.086919 seconds.
  path: Assets/Scenes
  artifactKey: Guid(6de8a2d2ad8dee3468f55e1e25860c36) Importer(815301076,1909f56bfc062723c751e8b465ee728b)
Start importing Assets/Scenes using Guid(6de8a2d2ad8dee3468f55e1e25860c36) Importer(815301076,1909f56bfc062723c751e8b465ee728b)  -> (artifact id: 'cd409a6c91c3a8623fb86075c49606f9') in 0.006105 seconds 
========================================================================
Received Import Request.
  Time since last request: 1.394236 seconds.
  path: Assets/Scenes/Puzzle2.unity
  artifactKey: Guid(b5f594b3f0355504eb666258a9af45a8) Importer(815301076,1909f56bfc062723c751e8b465ee728b)
Start importing Assets/Scenes/Puzzle2.unity using Guid(b5f594b3f0355504eb666258a9af45a8) Importer(815301076,1909f56bfc062723c751e8b465ee728b)  -> (artifact id: '9280e0230644b979eb9f593eb668c160') in 0.006414 seconds 
========================================================================
Received Prepare
Registering precompiled user dll's ...
Registered in 0.007921 seconds.
Begin MonoManager ReloadAssembly
Native extension for WindowsStandalone target not found
Native extension for WebGL target not found
Refreshing native plugins compatible for Editor in 0.80 ms, found 3 plugins.
Preloading 0 native plugins for Editor in 0.00 ms.
Mono: successfully reloaded assembly
- Completed reload, in  1.338 seconds
Domain Reload Profiling:
	ReloadAssembly (1339ms)
		BeginReloadAssembly (152ms)
			ExecutionOrderSort (0ms)
			DisableScriptedObjects (9ms)
			BackupInstance (0ms)
			ReleaseScriptingObjects (0ms)
			CreateAndSetChildDomain (39ms)
		EndReloadAssembly (1064ms)
			LoadAssemblies (97ms)
			RebuildTransferFunctionScriptingTraits (0ms)
			SetupTypeCache (265ms)
			ReleaseScriptCaches (1ms)
			RebuildScriptCaches (72ms)
			SetupLoadedEditorAssemblies (523ms)
				LogAssemblyErrors (0ms)
				InitializePlatformSupportModulesInManaged (23ms)
				SetLoadedEditorAssemblies (1ms)
				RefreshPlugins (1ms)
				BeforeProcessingInitializeOnLoad (111ms)
				ProcessInitializeOnLoadAttributes (323ms)
				ProcessInitializeOnLoadMethodAttributes (53ms)
				AfterProcessingInitializeOnLoad (11ms)
				EditorAssembliesLoaded (0ms)
			ExecutionOrderSort2 (0ms)
			AwakeInstancesAfterBackupRestoration (13ms)
Platform modules already initialized, skipping
Refreshing native plugins compatible for Editor in 2.61 ms, found 3 plugins.
Preloading 0 native plugins for Editor in 0.00 ms.
Unloading 2467 Unused Serialized files (Serialized files now loaded: 0)
Unloading 20 unused Assets / (24.6 KB). Loaded Objects now: 2952.
Memory consumption went from 109.5 MB to 109.5 MB.
Total: 3.429800 ms (FindLiveObjects: 0.225000 ms CreateObjectMapping: 0.084900 ms MarkObjects: 3.097800 ms  DeleteObjects: 0.020100 ms)

AssetImportParameters requested are different than current active one (requested -> active):
  custom:video-decoder-ogg-theora: a1e56fd34408186e4bbccfd4996cb3dc -> 
  custom:container-muxer-webm: aa71ff27fc2769a1b78a27578f13a17b -> 
  custom:container-demuxer-webm: 4f35f7cbe854078d1ac9338744f61a02 -> 
  custom:video-encoder-webm-vp8: eb34c28f22e8b96e1ab97ce403110664 -> 
  custom:audio-encoder-webm-vorbis: bf7c407c2cedff20999df2af8eb42d56 -> 
  custom:framework-win-MediaFoundation: 216162199b28c13a410421893ffa2e32 -> 
  custom:container-demuxer-ogg: 62fdf1f143b41e24485cea50d1cbac27 -> 
  custom:video-decoder-webm-vp8: 9c59270c3fd7afecdb556c50c9e8de78 -> 
  custom:audio-decoder-ogg-vorbis: bf7c407c2cedff20999df2af8eb42d56 -> 
========================================================================
Received Import Request.
  Time since last request: 48.590017 seconds.
  path: Assets/Prefab
  artifactKey: Guid(029798d19efbe784c881581f1b681442) Importer(815301076,1909f56bfc062723c751e8b465ee728b)
Start importing Assets/Prefab using Guid(029798d19efbe784c881581f1b681442) Importer(815301076,1909f56bfc062723c751e8b465ee728b)  -> (artifact id: '16e79cde8fc0b2326bcf6aa96b79366a') in 0.011230 seconds 
========================================================================
Received Import Request.
  Time since last request: 0.035798 seconds.
  path: Assets/Prefab/Bat With Number.prefab
  artifactKey: Guid(e7bf8525964f0b04dac9c0da32257dac) Importer(815301076,1909f56bfc062723c751e8b465ee728b)
Start importing Assets/Prefab/Bat With Number.prefab using Guid(e7bf8525964f0b04dac9c0da32257dac) Importer(815301076,1909f56bfc062723c751e8b465ee728b)  -> (artifact id: 'c959f2b19c5cd53cf02c397d5089e049') in 0.217985 seconds 
========================================================================
Received Import Request.
  Time since last request: 0.000025 seconds.
  path: Assets/Prefab/TransitionOut.prefab
  artifactKey: Guid(c4cf46428626ef64aacf30af24d762c6) Importer(815301076,1909f56bfc062723c751e8b465ee728b)
Start importing Assets/Prefab/TransitionOut.prefab using Guid(c4cf46428626ef64aacf30af24d762c6) Importer(815301076,1909f56bfc062723c751e8b465ee728b)  -> (artifact id: 'eb85c4199f4211209cce6bbb94d9db56') in 0.012913 seconds 
========================================================================
Received Import Request.
  Time since last request: 0.000027 seconds.
  path: Assets/Prefab/LevelTrigger.prefab
  artifactKey: Guid(df3df9bf4efce004faf8911ba656a922) Importer(815301076,1909f56bfc062723c751e8b465ee728b)
Start importing Assets/Prefab/LevelTrigger.prefab using Guid(df3df9bf4efce004faf8911ba656a922) Importer(815301076,1909f56bfc062723c751e8b465ee728b)  -> (artifact id: '20cf13f116f4e2f259537713690dccc4') in 0.010842 seconds 
========================================================================
Received Import Request.
  Time since last request: 0.000026 seconds.
  path: Assets/Prefab/TransitionIn.prefab
  artifactKey: Guid(bb87fb2fdcf119a428573e108f14d364) Importer(815301076,1909f56bfc062723c751e8b465ee728b)
Start importing Assets/Prefab/TransitionIn.prefab using Guid(bb87fb2fdcf119a428573e108f14d364) Importer(815301076,1909f56bfc062723c751e8b465ee728b)  -> (artifact id: '46dd775ff242cf6fadf93dc11a7e736c') in 0.010823 seconds 
========================================================================
Received Import Request.
  Time since last request: 0.000020 seconds.
  path: Assets/Prefab/Door.prefab
  artifactKey: Guid(a99a809ebbb0b5448b269c22dcf4c86e) Importer(815301076,1909f56bfc062723c751e8b465ee728b)
Start importing Assets/Prefab/Door.prefab using Guid(a99a809ebbb0b5448b269c22dcf4c86e) Importer(815301076,1909f56bfc062723c751e8b465ee728b)  -> (artifact id: 'ab9b5c79e822cbc6edc19415b8aeedee') in 0.015373 seconds 
========================================================================
Received Import Request.
  Time since last request: 0.000019 seconds.
  path: Assets/Prefab/Camera.prefab
  artifactKey: Guid(a49b3a2f6cd63554fa7d3523822a99ac) Importer(815301076,1909f56bfc062723c751e8b465ee728b)
Start importing Assets/Prefab/Camera.prefab using Guid(a49b3a2f6cd63554fa7d3523822a99ac) Importer(815301076,1909f56bfc062723c751e8b465ee728b)  -> (artifact id: '6d9ebd300f8b8d7481f9bd90726a48ea') in 0.027175 seconds 
========================================================================
Received Import Request.
  Time since last request: 0.000021 seconds.
  path: Assets/Prefab/Spawner.prefab
  artifactKey: Guid(6b0f63ad6d3effa4ba6ff1ae918769ac) Importer(815301076,1909f56bfc062723c751e8b465ee728b)
Start importing Assets/Prefab/Spawner.prefab using Guid(6b0f63ad6d3effa4ba6ff1ae918769ac) Importer(815301076,1909f56bfc062723c751e8b465ee728b)  -> (artifact id: '0a429cba9628cec97e5685af660beb1e') in 0.033780 seconds 
========================================================================
Received Import Request.
  Time since last request: 381.815286 seconds.
  path: Assets/Palettes/Palette Content/Floor Detail_1.asset
  artifactKey: Guid(43c547b84cd2d004f8003d0c989e498e) Importer(815301076,1909f56bfc062723c751e8b465ee728b)
Start importing Assets/Palettes/Palette Content/Floor Detail_1.asset using Guid(43c547b84cd2d004f8003d0c989e498e) Importer(815301076,1909f56bfc062723c751e8b465ee728b)  -> (artifact id: '7748e62c9678cba1bf2eeaaa09249af1') in 0.017104 seconds 
========================================================================
Received Import Request.
  Time since last request: 0.000026 seconds.
  path: Assets/Palettes/Palette Content/Tileset v1_6.asset
  artifactKey: Guid(967d791f1a0c9a74e870f57bc7b72dd9) Importer(815301076,1909f56bfc062723c751e8b465ee728b)
Start importing Assets/Palettes/Palette Content/Tileset v1_6.asset using Guid(967d791f1a0c9a74e870f57bc7b72dd9) Importer(815301076,1909f56bfc062723c751e8b465ee728b)  -> (artifact id: '9298408795bc42895e1371a47ce46948') in 0.017569 seconds 
========================================================================
Received Import Request.
  Time since last request: 0.000022 seconds.
  path: Assets/Palettes/Palette Content/Tileset v1_10.asset
  artifactKey: Guid(cc62b321bf1beea479288d368c72fdf5) Importer(815301076,1909f56bfc062723c751e8b465ee728b)
Start importing Assets/Palettes/Palette Content/Tileset v1_10.asset using Guid(cc62b321bf1beea479288d368c72fdf5) Importer(815301076,1909f56bfc062723c751e8b465ee728b)  -> (artifact id: '1784d2e50307d045fde5737bfa7f3a56') in 0.012300 seconds 
========================================================================
Received Import Request.
  Time since last request: 0.000020 seconds.
  path: Assets/Palettes/Palette Content/Tileset v1_2.asset
  artifactKey: Guid(c07b0a01ecb7c164c8db586890e24c09) Importer(815301076,1909f56bfc062723c751e8b465ee728b)
Start importing Assets/Palettes/Palette Content/Tileset v1_2.asset using Guid(c07b0a01ecb7c164c8db586890e24c09) Importer(815301076,1909f56bfc062723c751e8b465ee728b)  -> (artifact id: '6848012efa12781e20ff540fffecc3fc') in 0.013251 seconds 
========================================================================
Received Import Request.
  Time since last request: 0.000020 seconds.
  path: Assets/Palettes/Palette Content/Tileset v1_21.asset
  artifactKey: Guid(5b1dcf9ec055c694f96a60f6c9fbae54) Importer(815301076,1909f56bfc062723c751e8b465ee728b)
Start importing Assets/Palettes/Palette Content/Tileset v1_21.asset using Guid(5b1dcf9ec055c694f96a60f6c9fbae54) Importer(815301076,1909f56bfc062723c751e8b465ee728b)  -> (artifact id: '7e93c18e6759b554f850a0026818d0e0') in 0.013591 seconds 
========================================================================
Received Import Request.
  Time since last request: 0.000021 seconds.
  path: Assets/Palettes/Palette Content/Tileset v1_67.asset
  artifactKey: Guid(25bc0f88629d68c4d92ac571ba3d6b3a) Importer(815301076,1909f56bfc062723c751e8b465ee728b)
Start importing Assets/Palettes/Palette Content/Tileset v1_67.asset using Guid(25bc0f88629d68c4d92ac571ba3d6b3a) Importer(815301076,1909f56bfc062723c751e8b465ee728b)  -> (artifact id: 'e23216ae62ea2bac6a91d50f8a3b5218') in 0.014242 seconds 
========================================================================
Received Import Request.
  Time since last request: 0.000026 seconds.
  path: Assets/Palettes/Palette Content/Tileset v1_36.asset
  artifactKey: Guid(287f3705709f53e41bed957afc3cbc9b) Importer(815301076,1909f56bfc062723c751e8b465ee728b)
Start importing Assets/Palettes/Palette Content/Tileset v1_36.asset using Guid(287f3705709f53e41bed957afc3cbc9b) Importer(815301076,1909f56bfc062723c751e8b465ee728b)  -> (artifact id: '63d567dad9ed44848689e8065c78528f') in 0.011775 seconds 
========================================================================
Received Import Request.
  Time since last request: 0.000035 seconds.
  path: Assets/Palettes/Palette Content/Tileset v1_53.asset
  artifactKey: Guid(b4fe41b814b1af447a3da1998f4af6e5) Importer(815301076,1909f56bfc062723c751e8b465ee728b)
Start importing Assets/Palettes/Palette Content/Tileset v1_53.asset using Guid(b4fe41b814b1af447a3da1998f4af6e5) Importer(815301076,1909f56bfc062723c751e8b465ee728b)  -> (artifact id: 'bd358b24f27de45f701108ad59e2e9f5') in 0.012979 seconds 
========================================================================
Received Import Request.
  Time since last request: 0.000022 seconds.
  path: Assets/Palettes/Palette Content/Tileset v1_51.asset
  artifactKey: Guid(cc6a32a47cf2cb643a638df5fb454955) Importer(815301076,1909f56bfc062723c751e8b465ee728b)
Start importing Assets/Palettes/Palette Content/Tileset v1_51.asset using Guid(cc6a32a47cf2cb643a638df5fb454955) Importer(815301076,1909f56bfc062723c751e8b465ee728b)  -> (artifact id: '16959f730d47cf1ea23e22d71e623062') in 0.011731 seconds 
========================================================================
Received Import Request.
  Time since last request: 0.000021 seconds.
  path: Assets/Palettes/Palette Content/Tileset v1_15.asset
  artifactKey: Guid(410c9cc220422df45993753e9260b3a3) Importer(815301076,1909f56bfc062723c751e8b465ee728b)
Start importing Assets/Palettes/Palette Content/Tileset v1_15.asset using Guid(410c9cc220422df45993753e9260b3a3) Importer(815301076,1909f56bfc062723c751e8b465ee728b)  -> (artifact id: '8a99d79daabfa38334f345eadc07ac6f') in 0.011844 seconds 
========================================================================
Received Import Request.
  Time since last request: 0.000030 seconds.
  path: Assets/Palettes/Palette Content/Tileset v1_3.asset
  artifactKey: Guid(9ed33043255c2994fbfc126c9e5259a3) Importer(815301076,1909f56bfc062723c751e8b465ee728b)
Start importing Assets/Palettes/Palette Content/Tileset v1_3.asset using Guid(9ed33043255c2994fbfc126c9e5259a3) Importer(815301076,1909f56bfc062723c751e8b465ee728b)  -> (artifact id: '3a0712f9ea1159ed3aaaab3b905231ad') in 0.012792 seconds 
========================================================================
Received Import Request.
  Time since last request: 0.000024 seconds.
  path: Assets/Palettes/Palette Content/Tileset v1_8.asset
  artifactKey: Guid(b84b04b660632ed4caffb152b514c154) Importer(815301076,1909f56bfc062723c751e8b465ee728b)
Start importing Assets/Palettes/Palette Content/Tileset v1_8.asset using Guid(b84b04b660632ed4caffb152b514c154) Importer(815301076,1909f56bfc062723c751e8b465ee728b)  -> (artifact id: '6bf560feb52c10ecfc5a8e731df3afda') in 0.012183 seconds 
========================================================================
Received Import Request.
  Time since last request: 0.000023 seconds.
  path: Assets/Palettes/Palette Content/Tileset v1_22.asset
  artifactKey: Guid(94d15a319de723b46bf9087285a6fc39) Importer(815301076,1909f56bfc062723c751e8b465ee728b)
Start importing Assets/Palettes/Palette Content/Tileset v1_22.asset using Guid(94d15a319de723b46bf9087285a6fc39) Importer(815301076,1909f56bfc062723c751e8b465ee728b)  -> (artifact id: '0ca019da9308757460f0f8df279078b0') in 0.012124 seconds 
========================================================================
Received Import Request.
  Time since last request: 0.000024 seconds.
  path: Assets/Palettes/Palette Content/Tileset v1_5.asset
  artifactKey: Guid(b664ce120d576194ebb27cb5983f76cc) Importer(815301076,1909f56bfc062723c751e8b465ee728b)
Start importing Assets/Palettes/Palette Content/Tileset v1_5.asset using Guid(b664ce120d576194ebb27cb5983f76cc) Importer(815301076,1909f56bfc062723c751e8b465ee728b)  -> (artifact id: '6436265486e477cc1bb27e37dea0c1b7') in 0.013645 seconds 
========================================================================
Received Import Request.
  Time since last request: 0.000020 seconds.
  path: Assets/Palettes/Palette Content/Floor Detail_5.asset
  artifactKey: Guid(f0a9a818fb7ef934abb8555c413a8bdd) Importer(815301076,1909f56bfc062723c751e8b465ee728b)
Start importing Assets/Palettes/Palette Content/Floor Detail_5.asset using Guid(f0a9a818fb7ef934abb8555c413a8bdd) Importer(815301076,1909f56bfc062723c751e8b465ee728b)  -> (artifact id: '49d8fb58924092ad8ddcee782248ec7e') in 0.009289 seconds 
========================================================================
Received Import Request.
  Time since last request: 0.000041 seconds.
  path: Assets/Palettes/Palette Content/Tileset v1_61.asset
  artifactKey: Guid(6b3a57587d9653c40849e6b4ff5b9809) Importer(815301076,1909f56bfc062723c751e8b465ee728b)
Start importing Assets/Palettes/Palette Content/Tileset v1_61.asset using Guid(6b3a57587d9653c40849e6b4ff5b9809) Importer(815301076,1909f56bfc062723c751e8b465ee728b)  -> (artifact id: '7ccbede793261b42808172e29895b306') in 0.012152 seconds 
========================================================================
Received Import Request.
  Time since last request: 0.000030 seconds.
  path: Assets/Palettes/Palette Content/Floor Detail_6.asset
  artifactKey: Guid(725502df555527c41b19b7351e663911) Importer(815301076,1909f56bfc062723c751e8b465ee728b)
Start importing Assets/Palettes/Palette Content/Floor Detail_6.asset using Guid(725502df555527c41b19b7351e663911) Importer(815301076,1909f56bfc062723c751e8b465ee728b)  -> (artifact id: '8fc78375224db58dcb56008f64b8f391') in 0.010805 seconds 
========================================================================
Received Import Request.
  Time since last request: 0.000026 seconds.
  path: Assets/Palettes/Palette Content/Tileset v1_42.asset
  artifactKey: Guid(76b68bfaff213904eab07ffb3a73eba4) Importer(815301076,1909f56bfc062723c751e8b465ee728b)
Start importing Assets/Palettes/Palette Content/Tileset v1_42.asset using Guid(76b68bfaff213904eab07ffb3a73eba4) Importer(815301076,1909f56bfc062723c751e8b465ee728b)  -> (artifact id: 'b92ee56284215e0893b770a315a8b14d') in 0.011998 seconds 
========================================================================
Received Import Request.
  Time since last request: 0.000019 seconds.
  path: Assets/Palettes/Palette Content/Tileset v1_65.asset
  artifactKey: Guid(094e7916113a5114d85c93c3d1f2908b) Importer(815301076,1909f56bfc062723c751e8b465ee728b)
Start importing Assets/Palettes/Palette Content/Tileset v1_65.asset using Guid(094e7916113a5114d85c93c3d1f2908b) Importer(815301076,1909f56bfc062723c751e8b465ee728b)  -> (artifact id: '86a9cbf8754a0fb02f9c193da70998d7') in 0.014838 seconds 
========================================================================
Received Import Request.
  Time since last request: 0.000020 seconds.
  path: Assets/Palettes/Palette Content/Tileset v1_28.asset
  artifactKey: Guid(4c1832fd08dc06d44b7d737877d33116) Importer(815301076,1909f56bfc062723c751e8b465ee728b)
Start importing Assets/Palettes/Palette Content/Tileset v1_28.asset using Guid(4c1832fd08dc06d44b7d737877d33116) Importer(815301076,1909f56bfc062723c751e8b465ee728b)  -> (artifact id: 'bea1dab702381162410aad1e89b094f5') in 0.011909 seconds 
========================================================================
Received Import Request.
  Time since last request: 0.000036 seconds.
  path: Assets/Palettes/Palette Content/Tileset v1_45.asset
  artifactKey: Guid(44a898abc7d75b7478b3638526bcadbf) Importer(815301076,1909f56bfc062723c751e8b465ee728b)
Start importing Assets/Palettes/Palette Content/Tileset v1_45.asset using Guid(44a898abc7d75b7478b3638526bcadbf) Importer(815301076,1909f56bfc062723c751e8b465ee728b)  -> (artifact id: 'f450f4f88749b142a10d1adca5b8bbf0') in 0.014288 seconds 
========================================================================
Received Import Request.
  Time since last request: 0.000025 seconds.
  path: Assets/Palettes/Palette Content/Tileset v1_60.asset
  artifactKey: Guid(5871d74f2eefd8941ad43a88c945c12f) Importer(815301076,1909f56bfc062723c751e8b465ee728b)
Start importing Assets/Palettes/Palette Content/Tileset v1_60.asset using Guid(5871d74f2eefd8941ad43a88c945c12f) Importer(815301076,1909f56bfc062723c751e8b465ee728b)  -> (artifact id: 'b5c5acf4ebc2718dd87f650813b813b1') in 0.013319 seconds 
========================================================================
Received Import Request.
  Time since last request: 0.000020 seconds.
  path: Assets/Palettes/Palette Content/Tileset v1_27.asset
  artifactKey: Guid(2df67456a58787f4692de21b134bb109) Importer(815301076,1909f56bfc062723c751e8b465ee728b)
Start importing Assets/Palettes/Palette Content/Tileset v1_27.asset using Guid(2df67456a58787f4692de21b134bb109) Importer(815301076,1909f56bfc062723c751e8b465ee728b)  -> (artifact id: '09736db3360e5a1df621a0d214ba7058') in 0.012720 seconds 
========================================================================
Received Import Request.
  Time since last request: 0.000019 seconds.
  path: Assets/Palettes/Palette Content/Tileset v1_46.asset
  artifactKey: Guid(df7537a0f25fc4d47a1a13326c16966c) Importer(815301076,1909f56bfc062723c751e8b465ee728b)
Start importing Assets/Palettes/Palette Content/Tileset v1_46.asset using Guid(df7537a0f25fc4d47a1a13326c16966c) Importer(815301076,1909f56bfc062723c751e8b465ee728b)  -> (artifact id: 'f1f664ea95c55730f89bf2973a62bb78') in 0.013130 seconds 
========================================================================
Received Import Request.
  Time since last request: 0.000025 seconds.
  path: Assets/Palettes/Palette Content/Tileset v1_43.asset
  artifactKey: Guid(773ecfb74b50b78489a4acbe66a53942) Importer(815301076,1909f56bfc062723c751e8b465ee728b)
Start importing Assets/Palettes/Palette Content/Tileset v1_43.asset using Guid(773ecfb74b50b78489a4acbe66a53942) Importer(815301076,1909f56bfc062723c751e8b465ee728b)  -> (artifact id: '912be635657bd3575f1cf15f754e7949') in 0.014397 seconds 
========================================================================
Received Import Request.
  Time since last request: 0.000019 seconds.
  path: Assets/Palettes/Palette Content/Floor Detail_10.asset
  artifactKey: Guid(fe7adecfc351fd24f853c87335dc561a) Importer(815301076,1909f56bfc062723c751e8b465ee728b)
Start importing Assets/Palettes/Palette Content/Floor Detail_10.asset using Guid(fe7adecfc351fd24f853c87335dc561a) Importer(815301076,1909f56bfc062723c751e8b465ee728b)  -> (artifact id: '17c1ff00ac1288759e7041e6503a33f2') in 0.010889 seconds 
========================================================================
Received Import Request.
  Time since last request: 0.000020 seconds.
  path: Assets/Palettes/Palette Content/Floor Detail_3.asset
  artifactKey: Guid(fcc2f01077ef7b84da2b209ff949bb14) Importer(815301076,1909f56bfc062723c751e8b465ee728b)
Start importing Assets/Palettes/Palette Content/Floor Detail_3.asset using Guid(fcc2f01077ef7b84da2b209ff949bb14) Importer(815301076,1909f56bfc062723c751e8b465ee728b)  -> (artifact id: '59412bbd01101a39367ee2d3881d627a') in 0.009343 seconds 
========================================================================
Received Import Request.
  Time since last request: 0.000026 seconds.
  path: Assets/Palettes/Palette Content/Tileset v1_40.asset
  artifactKey: Guid(6ba28b98e4b6b5b4391e22e9a6f77508) Importer(815301076,1909f56bfc062723c751e8b465ee728b)
Start importing Assets/Palettes/Palette Content/Tileset v1_40.asset using Guid(6ba28b98e4b6b5b4391e22e9a6f77508) Importer(815301076,1909f56bfc062723c751e8b465ee728b)  -> (artifact id: 'e3a37c14289a259ba1833cf9ab23d368') in 0.013890 seconds 
========================================================================
Received Import Request.
  Time since last request: 0.000025 seconds.
  path: Assets/Palettes/Palette Content/Tileset v1_50.asset
  artifactKey: Guid(d834d2fbb4df04947ad8d26980f56f0d) Importer(815301076,1909f56bfc062723c751e8b465ee728b)
Start importing Assets/Palettes/Palette Content/Tileset v1_50.asset using Guid(d834d2fbb4df04947ad8d26980f56f0d) Importer(815301076,1909f56bfc062723c751e8b465ee728b)  -> (artifact id: '6d73e608608bd6528719314377c8ddbf') in 0.012386 seconds 
========================================================================
Received Import Request.
  Time since last request: 0.000020 seconds.
  path: Assets/Palettes/Palette Content/Floor Detail_8.asset
  artifactKey: Guid(3847a6b1218441a45904bb54db4cc6af) Importer(815301076,1909f56bfc062723c751e8b465ee728b)
Start importing Assets/Palettes/Palette Content/Floor Detail_8.asset using Guid(3847a6b1218441a45904bb54db4cc6af) Importer(815301076,1909f56bfc062723c751e8b465ee728b)  -> (artifact id: '7fa7cc0cfde7576e7bfa09320cf448ab') in 0.010356 seconds 
========================================================================
Received Import Request.
  Time since last request: 0.000030 seconds.
  path: Assets/Palettes/Palette Content/Tileset v1_58.asset
  artifactKey: Guid(3350d5de2c2a48c41947be65e590ecf6) Importer(815301076,1909f56bfc062723c751e8b465ee728b)
Start importing Assets/Palettes/Palette Content/Tileset v1_58.asset using Guid(3350d5de2c2a48c41947be65e590ecf6) Importer(815301076,1909f56bfc062723c751e8b465ee728b)  -> (artifact id: '51b76d0a307063110fa4a5dfa005c838') in 0.011579 seconds 
========================================================================
Received Import Request.
  Time since last request: 0.000032 seconds.
  path: Assets/Palettes/Palette Content/Tileset v1_26.asset
  artifactKey: Guid(7ca21f47209aa9c4ca1d492ac1a7b311) Importer(815301076,1909f56bfc062723c751e8b465ee728b)
Start importing Assets/Palettes/Palette Content/Tileset v1_26.asset using Guid(7ca21f47209aa9c4ca1d492ac1a7b311) Importer(815301076,1909f56bfc062723c751e8b465ee728b)  -> (artifact id: 'a438e1948bfc109b58992a8c9c4d7e7d') in 0.012935 seconds 
========================================================================
Received Import Request.
  Time since last request: 0.000027 seconds.
  path: Assets/Palettes/Palette Content/Tileset v1_17.asset
  artifactKey: Guid(168af7d930301cb468a076d7c79a3bf8) Importer(815301076,1909f56bfc062723c751e8b465ee728b)
Start importing Assets/Palettes/Palette Content/Tileset v1_17.asset using Guid(168af7d930301cb468a076d7c79a3bf8) Importer(815301076,1909f56bfc062723c751e8b465ee728b)  -> (artifact id: '0efd3cf33e0c51964399169c06ac6b76') in 0.014405 seconds 
========================================================================
Received Import Request.
  Time since last request: 0.000020 seconds.
  path: Assets/Palettes/Palette Content/Tileset v1_23.asset
  artifactKey: Guid(506fa023ba799e042850d1e6f4354739) Importer(815301076,1909f56bfc062723c751e8b465ee728b)
Start importing Assets/Palettes/Palette Content/Tileset v1_23.asset using Guid(506fa023ba799e042850d1e6f4354739) Importer(815301076,1909f56bfc062723c751e8b465ee728b)  -> (artifact id: 'be6b5280202b62b0c3dc89877d746764') in 0.012476 seconds 
========================================================================
Received Import Request.
  Time since last request: 0.000024 seconds.
  path: Assets/Palettes/Palette Content/Tileset v1_38.asset
  artifactKey: Guid(ef489cee6e10bd74e832a4ba4cbd5427) Importer(815301076,1909f56bfc062723c751e8b465ee728b)
Start importing Assets/Palettes/Palette Content/Tileset v1_38.asset using Guid(ef489cee6e10bd74e832a4ba4cbd5427) Importer(815301076,1909f56bfc062723c751e8b465ee728b)  -> (artifact id: '59bad0040622bc8088bc2ddb4c89dc3d') in 0.012869 seconds 
========================================================================
Received Import Request.
  Time since last request: 0.000027 seconds.
  path: Assets/Palettes/Palette Content/Floor Detail_7.asset
  artifactKey: Guid(45a9b7e3737d92046b177d5d0cb28658) Importer(815301076,1909f56bfc062723c751e8b465ee728b)
Start importing Assets/Palettes/Palette Content/Floor Detail_7.asset using Guid(45a9b7e3737d92046b177d5d0cb28658) Importer(815301076,1909f56bfc062723c751e8b465ee728b)  -> (artifact id: 'e3425dde2b3de394348e186a91a80f6a') in 0.010079 seconds 
========================================================================
Received Import Request.
  Time since last request: 0.000027 seconds.
  path: Assets/Palettes/Palette Content/Tileset v1_19.asset
  artifactKey: Guid(c708062abf416ef4c98728be48d90084) Importer(815301076,1909f56bfc062723c751e8b465ee728b)
Start importing Assets/Palettes/Palette Content/Tileset v1_19.asset using Guid(c708062abf416ef4c98728be48d90084) Importer(815301076,1909f56bfc062723c751e8b465ee728b)  -> (artifact id: 'dcbdfa02c934daa3f1278bb51e73a677') in 0.013167 seconds 
========================================================================
Received Import Request.
  Time since last request: 0.000021 seconds.
  path: Assets/Palettes/Palette Content/Tileset v1_16.asset
  artifactKey: Guid(47e1cbd5ad34d864ca5ceab5cab4cb30) Importer(815301076,1909f56bfc062723c751e8b465ee728b)
Start importing Assets/Palettes/Palette Content/Tileset v1_16.asset using Guid(47e1cbd5ad34d864ca5ceab5cab4cb30) Importer(815301076,1909f56bfc062723c751e8b465ee728b)  -> (artifact id: '1d22c792082031241c7ec56aa679de36') in 0.012571 seconds 
========================================================================
Received Import Request.
  Time since last request: 0.000021 seconds.
  path: Assets/Palettes/Palette Content/Tileset v1_54.asset
  artifactKey: Guid(586b89dc07ce69f47b567882707ad236) Importer(815301076,1909f56bfc062723c751e8b465ee728b)
Start importing Assets/Palettes/Palette Content/Tileset v1_54.asset using Guid(586b89dc07ce69f47b567882707ad236) Importer(815301076,1909f56bfc062723c751e8b465ee728b)  -> (artifact id: '330b786376832ab605c686295583828c') in 0.013520 seconds 
========================================================================
Received Import Request.
  Time since last request: 0.000020 seconds.
  path: Assets/Palettes/Palette Content/Tileset v1_56.asset
  artifactKey: Guid(fc780d764cd86ac4085a3166ba06bd08) Importer(815301076,1909f56bfc062723c751e8b465ee728b)
Start importing Assets/Palettes/Palette Content/Tileset v1_56.asset using Guid(fc780d764cd86ac4085a3166ba06bd08) Importer(815301076,1909f56bfc062723c751e8b465ee728b)  -> (artifact id: '9f7e036f4126a517ce41018949a700b7') in 0.011563 seconds 
========================================================================
Received Import Request.
  Time since last request: 0.662602 seconds.
  path: Assets/Palettes/Palette Content/Tileset v1_70.asset
  artifactKey: Guid(8d079d607f5f58d43b1e48078d57a735) Importer(815301076,1909f56bfc062723c751e8b465ee728b)
Start importing Assets/Palettes/Palette Content/Tileset v1_70.asset using Guid(8d079d607f5f58d43b1e48078d57a735) Importer(815301076,1909f56bfc062723c751e8b465ee728b)  -> (artifact id: 'f36aa19429b56b34ac6ce4f72e824212') in 0.010701 seconds 
========================================================================
Received Import Request.
  Time since last request: 0.000023 seconds.
  path: Assets/Palettes/Palette Content/Tileset v2_0.asset
  artifactKey: Guid(1f4c0b5e66364b0459ea445146e949b9) Importer(815301076,1909f56bfc062723c751e8b465ee728b)
Start importing Assets/Palettes/Palette Content/Tileset v2_0.asset using Guid(1f4c0b5e66364b0459ea445146e949b9) Importer(815301076,1909f56bfc062723c751e8b465ee728b)  -> (artifact id: '520154f3b59ba537ea6432b387eb1053') in 0.012997 seconds 
========================================================================
Received Import Request.
  Time since last request: 0.000018 seconds.
  path: Assets/Palettes/Palette Content/Tileset v1_72.asset
  artifactKey: Guid(2882f8da3439b2e4b80e1c8aa2096a42) Importer(815301076,1909f56bfc062723c751e8b465ee728b)
Start importing Assets/Palettes/Palette Content/Tileset v1_72.asset using Guid(2882f8da3439b2e4b80e1c8aa2096a42) Importer(815301076,1909f56bfc062723c751e8b465ee728b)  -> (artifact id: 'f8a7b778ff5d0f19f8df4968d9736c5e') in 0.014105 seconds 
========================================================================
Received Import Request.
  Time since last request: 0.000019 seconds.
  path: Assets/Palettes/Palette Content/Tileset v2_1.asset
  artifactKey: Guid(7befc4624b5f7ae4bb110a4926d4fbd9) Importer(815301076,1909f56bfc062723c751e8b465ee728b)
Start importing Assets/Palettes/Palette Content/Tileset v2_1.asset using Guid(7befc4624b5f7ae4bb110a4926d4fbd9) Importer(815301076,1909f56bfc062723c751e8b465ee728b)  -> (artifact id: 'b3d122464db20f68d1c48128578ce115') in 0.012597 seconds 
========================================================================
Received Import Request.
  Time since last request: 0.000017 seconds.
  path: Assets/Palettes/Palette Content/Tileset v1_78.asset
  artifactKey: Guid(6573b95b4f8f95d4082efc9e5dd3abc2) Importer(815301076,1909f56bfc062723c751e8b465ee728b)
Start importing Assets/Palettes/Palette Content/Tileset v1_78.asset using Guid(6573b95b4f8f95d4082efc9e5dd3abc2) Importer(815301076,1909f56bfc062723c751e8b465ee728b)  -> (artifact id: '663fbce182efc2470569adee8165f6f0') in 0.013355 seconds 
========================================================================
Received Import Request.
  Time since last request: 0.000017 seconds.
  path: Assets/Palettes/Palette Content/Tileset v1_76.asset
  artifactKey: Guid(0d7d77b24750fac429c457f55a15083f) Importer(815301076,1909f56bfc062723c751e8b465ee728b)
Start importing Assets/Palettes/Palette Content/Tileset v1_76.asset using Guid(0d7d77b24750fac429c457f55a15083f) Importer(815301076,1909f56bfc062723c751e8b465ee728b)  -> (artifact id: '193c156ad54bde2493be97961de1bda1') in 0.011304 seconds 
========================================================================
Received Import Request.
  Time since last request: 0.000020 seconds.
  path: Assets/Palettes/Palette Content/Tileset v2_17.asset
  artifactKey: Guid(f681ee876fc7c3f43bfa8348dd5d0e2b) Importer(815301076,1909f56bfc062723c751e8b465ee728b)
Start importing Assets/Palettes/Palette Content/Tileset v2_17.asset using Guid(f681ee876fc7c3f43bfa8348dd5d0e2b) Importer(815301076,1909f56bfc062723c751e8b465ee728b)  -> (artifact id: '861e1d70b5d6297dca582514c524beb0') in 0.015027 seconds 
========================================================================
Received Import Request.
  Time since last request: 0.000027 seconds.
  path: Assets/Palettes/Palette Content/Tileset v2_34.asset
  artifactKey: Guid(06d727e7a76f513469e666255b9b7626) Importer(815301076,1909f56bfc062723c751e8b465ee728b)
Start importing Assets/Palettes/Palette Content/Tileset v2_34.asset using Guid(06d727e7a76f513469e666255b9b7626) Importer(815301076,1909f56bfc062723c751e8b465ee728b)  -> (artifact id: '957ddf1388d246d3f6238c1874deb3a2') in 0.012313 seconds 
========================================================================
Received Import Request.
  Time since last request: 0.000023 seconds.
  path: Assets/Palettes/Palette Content/Tileset v2_45.asset
  artifactKey: Guid(8a488fdf3e5c7344596b36fd5359f8da) Importer(815301076,1909f56bfc062723c751e8b465ee728b)
Start importing Assets/Palettes/Palette Content/Tileset v2_45.asset using Guid(8a488fdf3e5c7344596b36fd5359f8da) Importer(815301076,1909f56bfc062723c751e8b465ee728b)  -> (artifact id: '688d3637ee5f1bef026f505a9f0de0ca') in 0.012798 seconds 
========================================================================
Received Import Request.
  Time since last request: 0.000019 seconds.
  path: Assets/Palettes/Palette Content/Tileset v2_27.asset
  artifactKey: Guid(f912d77ae4a9c5141848162982d8bfac) Importer(815301076,1909f56bfc062723c751e8b465ee728b)
Start importing Assets/Palettes/Palette Content/Tileset v2_27.asset using Guid(f912d77ae4a9c5141848162982d8bfac) Importer(815301076,1909f56bfc062723c751e8b465ee728b)  -> (artifact id: '0129438d555377cb0b98da333edfc3f2') in 0.011800 seconds 
========================================================================
Received Import Request.
  Time since last request: 0.000019 seconds.
  path: Assets/Palettes/Palette Content/Tileset v2_63.asset
  artifactKey: Guid(bdbdacf6d43b3e5409019205c05e5d93) Importer(815301076,1909f56bfc062723c751e8b465ee728b)
Start importing Assets/Palettes/Palette Content/Tileset v2_63.asset using Guid(bdbdacf6d43b3e5409019205c05e5d93) Importer(815301076,1909f56bfc062723c751e8b465ee728b)  -> (artifact id: 'cabac5a3dd0e702ce79aedea5d79c567') in 0.014325 seconds 
========================================================================
Received Import Request.
  Time since last request: 0.000019 seconds.
  path: Assets/Palettes/Palette Content/Tileset v2_66.asset
  artifactKey: Guid(5596514f8885b7e4184645839e85cb10) Importer(815301076,1909f56bfc062723c751e8b465ee728b)
Start importing Assets/Palettes/Palette Content/Tileset v2_66.asset using Guid(5596514f8885b7e4184645839e85cb10) Importer(815301076,1909f56bfc062723c751e8b465ee728b)  -> (artifact id: 'c976894a0135b92957c196c276070a4b') in 0.011791 seconds 
========================================================================
Received Import Request.
  Time since last request: 0.000022 seconds.
  path: Assets/Palettes/Palette Content/Tileset v2_55.asset
  artifactKey: Guid(814d8c5440a2e45438eabb08f6cf110f) Importer(815301076,1909f56bfc062723c751e8b465ee728b)
Start importing Assets/Palettes/Palette Content/Tileset v2_55.asset using Guid(814d8c5440a2e45438eabb08f6cf110f) Importer(815301076,1909f56bfc062723c751e8b465ee728b)  -> (artifact id: '8d577d99b1cb0c447115b67f44269b8e') in 0.013399 seconds 
========================================================================
Received Import Request.
  Time since last request: 0.000019 seconds.
  path: Assets/Palettes/Palette Content/Tileset v2_52.asset
  artifactKey: Guid(1d4421a6c5676c54b99002f9687ca67b) Importer(815301076,1909f56bfc062723c751e8b465ee728b)
Start importing Assets/Palettes/Palette Content/Tileset v2_52.asset using Guid(1d4421a6c5676c54b99002f9687ca67b) Importer(815301076,1909f56bfc062723c751e8b465ee728b)  -> (artifact id: '13d264b6631c44324cb5a7e5966bbadf') in 0.011712 seconds 
========================================================================
Received Import Request.
  Time since last request: 0.000027 seconds.
  path: Assets/Palettes/Palette Content/Tileset v2_40.asset
  artifactKey: Guid(a409c4a4b5821854c9c54861fb0b7709) Importer(815301076,1909f56bfc062723c751e8b465ee728b)
Start importing Assets/Palettes/Palette Content/Tileset v2_40.asset using Guid(a409c4a4b5821854c9c54861fb0b7709) Importer(815301076,1909f56bfc062723c751e8b465ee728b)  -> (artifact id: '0ce745678783069fa5c0bc8fc84dadf8') in 0.011638 seconds 
========================================================================
Received Import Request.
  Time since last request: 0.000020 seconds.
  path: Assets/Palettes/Palette Content/Tileset v2_33.asset
  artifactKey: Guid(1b3baec795e14994aa1c50e4b8a56cc1) Importer(815301076,1909f56bfc062723c751e8b465ee728b)
Start importing Assets/Palettes/Palette Content/Tileset v2_33.asset using Guid(1b3baec795e14994aa1c50e4b8a56cc1) Importer(815301076,1909f56bfc062723c751e8b465ee728b)  -> (artifact id: '2a7488377849dadae6861d48d87d029b') in 0.013526 seconds 
========================================================================
Received Import Request.
  Time since last request: 0.000018 seconds.
  path: Assets/Palettes/Palette Content/Tileset v2_24.asset
  artifactKey: Guid(a1c2c277c9e7efd479d10e91f3a2ea35) Importer(815301076,1909f56bfc062723c751e8b465ee728b)
Start importing Assets/Palettes/Palette Content/Tileset v2_24.asset using Guid(a1c2c277c9e7efd479d10e91f3a2ea35) Importer(815301076,1909f56bfc062723c751e8b465ee728b)  -> (artifact id: '15e172873bf8344ffbf3a401e7796b9d') in 0.012155 seconds 
========================================================================
Received Import Request.
  Time since last request: 0.000019 seconds.
  path: Assets/Palettes/Palette Content/Tileset v2_25.asset
  artifactKey: Guid(541a26bf04c8aad46a85d0ac00c910cd) Importer(815301076,1909f56bfc062723c751e8b465ee728b)
Start importing Assets/Palettes/Palette Content/Tileset v2_25.asset using Guid(541a26bf04c8aad46a85d0ac00c910cd) Importer(815301076,1909f56bfc062723c751e8b465ee728b)  -> (artifact id: 'e980e68f70d106c0dd56c97e94e08e80') in 0.012453 seconds 
========================================================================
Received Import Request.
  Time since last request: 0.000018 seconds.
  path: Assets/Palettes/Palette Content/Tileset v2_32.asset
  artifactKey: Guid(a32a5a9940137344cae9dca3e8ea0c28) Importer(815301076,1909f56bfc062723c751e8b465ee728b)
Start importing Assets/Palettes/Palette Content/Tileset v2_32.asset using Guid(a32a5a9940137344cae9dca3e8ea0c28) Importer(815301076,1909f56bfc062723c751e8b465ee728b)  -> (artifact id: '8da498a54c00d4f2fb5e1ba5eef69893') in 0.012165 seconds 
========================================================================
Received Import Request.
  Time since last request: 0.000018 seconds.
  path: Assets/Palettes/Palette Content/Tileset v2_9.asset
  artifactKey: Guid(a379f2ecf9520a647b083f5d9ce298fa) Importer(815301076,1909f56bfc062723c751e8b465ee728b)
Start importing Assets/Palettes/Palette Content/Tileset v2_9.asset using Guid(a379f2ecf9520a647b083f5d9ce298fa) Importer(815301076,1909f56bfc062723c751e8b465ee728b)  -> (artifact id: '70e24b4ea45f992d18bd19134e285dd0') in 0.012147 seconds 
========================================================================
Received Import Request.
  Time since last request: 0.000020 seconds.
  path: Assets/Palettes/Palette Content/Tileset v2_38.asset
  artifactKey: Guid(7b40dbdba60e0d749adc2c507c669528) Importer(815301076,1909f56bfc062723c751e8b465ee728b)
Start importing Assets/Palettes/Palette Content/Tileset v2_38.asset using Guid(7b40dbdba60e0d749adc2c507c669528) Importer(815301076,1909f56bfc062723c751e8b465ee728b)  -> (artifact id: 'f33772057cd0d5ebb2d1f8b0cda57e18') in 0.012769 seconds 
========================================================================
Received Import Request.
  Time since last request: 0.000028 seconds.
  path: Assets/Palettes/Palette Content/Tileset v2_54.asset
  artifactKey: Guid(3fd74a355ce39594cb84f6ac0b417c78) Importer(815301076,1909f56bfc062723c751e8b465ee728b)
Start importing Assets/Palettes/Palette Content/Tileset v2_54.asset using Guid(3fd74a355ce39594cb84f6ac0b417c78) Importer(815301076,1909f56bfc062723c751e8b465ee728b)  -> (artifact id: '4e479c1ac1699a01fa1de1eff4e63b05') in 0.011454 seconds 
========================================================================
Received Import Request.
  Time since last request: 0.000018 seconds.
  path: Assets/Palettes/Palette Content/Tileset v2_28.asset
  artifactKey: Guid(0bd40aa761ed9904fbc9dd1b06643f08) Importer(815301076,1909f56bfc062723c751e8b465ee728b)
Start importing Assets/Palettes/Palette Content/Tileset v2_28.asset using Guid(0bd40aa761ed9904fbc9dd1b06643f08) Importer(815301076,1909f56bfc062723c751e8b465ee728b)  -> (artifact id: '78f46a595320860deba60cfb0a974a39') in 0.012597 seconds 
========================================================================
Received Import Request.
  Time since last request: 0.000017 seconds.
  path: Assets/Palettes/Palette Content/Tileset v2_68.asset
  artifactKey: Guid(fbc0741ec7e27b943b9de19aa55f696e) Importer(815301076,1909f56bfc062723c751e8b465ee728b)
Start importing Assets/Palettes/Palette Content/Tileset v2_68.asset using Guid(fbc0741ec7e27b943b9de19aa55f696e) Importer(815301076,1909f56bfc062723c751e8b465ee728b)  -> (artifact id: '725aa6948d2860c5ee83df8ebd1a5853') in 0.012100 seconds 
========================================================================
Received Import Request.
  Time since last request: 0.000017 seconds.
  path: Assets/Palettes/Palette Content/Tileset v2_22.asset
  artifactKey: Guid(02258f709f1ebc64e8a6f50f87e59a2b) Importer(815301076,1909f56bfc062723c751e8b465ee728b)
Start importing Assets/Palettes/Palette Content/Tileset v2_22.asset using Guid(02258f709f1ebc64e8a6f50f87e59a2b) Importer(815301076,1909f56bfc062723c751e8b465ee728b)  -> (artifact id: '8ef7030d7cdb2ed67755f3c66c3fba12') in 0.011986 seconds 
========================================================================
Received Import Request.
  Time since last request: 0.000020 seconds.
  path: Assets/Palettes/Palette Content/Tileset v2_59.asset
  artifactKey: Guid(54c1e5ca939c49a428df33063101b705) Importer(815301076,1909f56bfc062723c751e8b465ee728b)
Start importing Assets/Palettes/Palette Content/Tileset v2_59.asset using Guid(54c1e5ca939c49a428df33063101b705) Importer(815301076,1909f56bfc062723c751e8b465ee728b)  -> (artifact id: '5c03be1d9fa2c0e8f4aedb5ea8520b51') in 0.011137 seconds 
========================================================================
Received Import Request.
  Time since last request: 0.000021 seconds.
  path: Assets/Palettes/Palette Content/Tileset v2_51.asset
  artifactKey: Guid(d5e52ba7261ed004695e6f1fa5171cb1) Importer(815301076,1909f56bfc062723c751e8b465ee728b)
Start importing Assets/Palettes/Palette Content/Tileset v2_51.asset using Guid(d5e52ba7261ed004695e6f1fa5171cb1) Importer(815301076,1909f56bfc062723c751e8b465ee728b)  -> (artifact id: 'aefc39b34265e13ab2d289b375dda42c') in 0.012108 seconds 
========================================================================
Received Import Request.
  Time since last request: 0.000017 seconds.
  path: Assets/Palettes/Palette Content/Tileset v2_57.asset
  artifactKey: Guid(4e838cb19e21aca46be50ae58145d4e8) Importer(815301076,1909f56bfc062723c751e8b465ee728b)
Start importing Assets/Palettes/Palette Content/Tileset v2_57.asset using Guid(4e838cb19e21aca46be50ae58145d4e8) Importer(815301076,1909f56bfc062723c751e8b465ee728b)  -> (artifact id: '7db47854455530e6fc632e7437dd0fc4') in 0.011407 seconds 
========================================================================
Received Import Request.
  Time since last request: 0.000021 seconds.
  path: Assets/Palettes/Palette Content/Tileset v2_10.asset
  artifactKey: Guid(ed2de03895f75894bb1a2c191a39a047) Importer(815301076,1909f56bfc062723c751e8b465ee728b)
Start importing Assets/Palettes/Palette Content/Tileset v2_10.asset using Guid(ed2de03895f75894bb1a2c191a39a047) Importer(815301076,1909f56bfc062723c751e8b465ee728b)  -> (artifact id: '45f3568ecb008a12be2944f7478eb885') in 0.011130 seconds 
========================================================================
Received Import Request.
  Time since last request: 0.000026 seconds.
  path: Assets/Palettes/Palette Content/Tileset v2_44.asset
  artifactKey: Guid(a279ff90aeda99147a795d376a07c2a6) Importer(815301076,1909f56bfc062723c751e8b465ee728b)
Start importing Assets/Palettes/Palette Content/Tileset v2_44.asset using Guid(a279ff90aeda99147a795d376a07c2a6) Importer(815301076,1909f56bfc062723c751e8b465ee728b)  -> (artifact id: '3f0b72a100e4f76c8ea8f1a45cff06d2') in 0.011689 seconds 
========================================================================
Received Import Request.
  Time since last request: 0.000033 seconds.
  path: Assets/Palettes/Palette Content/Tileset v2_16.asset
  artifactKey: Guid(635b4d34d166c28409d804f1b4609cd7) Importer(815301076,1909f56bfc062723c751e8b465ee728b)
Start importing Assets/Palettes/Palette Content/Tileset v2_16.asset using Guid(635b4d34d166c28409d804f1b4609cd7) Importer(815301076,1909f56bfc062723c751e8b465ee728b)  -> (artifact id: '8096f1ba517d66625843bbb478864ac7') in 0.011054 seconds 
========================================================================
Received Import Request.
  Time since last request: 0.000029 seconds.
  path: Assets/Palettes/Palette Content/Tileset v2_62.asset
  artifactKey: Guid(1acf22a2816e3e4449a61c74a93951f2) Importer(815301076,1909f56bfc062723c751e8b465ee728b)
Start importing Assets/Palettes/Palette Content/Tileset v2_62.asset using Guid(1acf22a2816e3e4449a61c74a93951f2) Importer(815301076,1909f56bfc062723c751e8b465ee728b)  -> (artifact id: 'c274027f5e9accb7adca14d8c05f9a62') in 0.011281 seconds 
========================================================================
Received Import Request.
  Time since last request: 0.000021 seconds.
  path: Assets/Palettes/Palette Content/Tileset v2_21.asset
  artifactKey: Guid(d510b1a475851e94ba6f1c052f5176e7) Importer(815301076,1909f56bfc062723c751e8b465ee728b)
Start importing Assets/Palettes/Palette Content/Tileset v2_21.asset using Guid(d510b1a475851e94ba6f1c052f5176e7) Importer(815301076,1909f56bfc062723c751e8b465ee728b)  -> (artifact id: 'c11913c77dd4c4325351ba338716203a') in 0.013218 seconds 
========================================================================
Received Import Request.
  Time since last request: 0.000024 seconds.
  path: Assets/Palettes/Palette Content/Tileset v2_65.asset
  artifactKey: Guid(bc26be26c943b1649a32e65229601a75) Importer(815301076,1909f56bfc062723c751e8b465ee728b)
Start importing Assets/Palettes/Palette Content/Tileset v2_65.asset using Guid(bc26be26c943b1649a32e65229601a75) Importer(815301076,1909f56bfc062723c751e8b465ee728b)  -> (artifact id: '5557c4b83b19e8d5f9775e85178aa895') in 0.010530 seconds 
========================================================================
Received Import Request.
  Time since last request: 0.000019 seconds.
  path: Assets/Palettes/Palette Content/Tileset v2_13.asset
  artifactKey: Guid(8501222dca2907942925bfd8b2cd036d) Importer(815301076,1909f56bfc062723c751e8b465ee728b)
Start importing Assets/Palettes/Palette Content/Tileset v2_13.asset using Guid(8501222dca2907942925bfd8b2cd036d) Importer(815301076,1909f56bfc062723c751e8b465ee728b)  -> (artifact id: 'abf49408c5b9788232585a94187e3d1a') in 0.011384 seconds 
========================================================================
Received Import Request.
  Time since last request: 0.000023 seconds.
  path: Assets/Palettes/Palette Content/Tileset v2_19.asset
  artifactKey: Guid(227b3a31a9b62b9459653f4f6303b4c0) Importer(815301076,1909f56bfc062723c751e8b465ee728b)
Start importing Assets/Palettes/Palette Content/Tileset v2_19.asset using Guid(227b3a31a9b62b9459653f4f6303b4c0) Importer(815301076,1909f56bfc062723c751e8b465ee728b)  -> (artifact id: '37365f04d9cbc586ac6fb88d17930cc6') in 0.012011 seconds 
========================================================================
Received Import Request.
  Time since last request: 0.000028 seconds.
  path: Assets/Palettes/Palette Content/Tileset v2_23.asset
  artifactKey: Guid(b7606430d93bbf64e98217c203b8319a) Importer(815301076,1909f56bfc062723c751e8b465ee728b)
Start importing Assets/Palettes/Palette Content/Tileset v2_23.asset using Guid(b7606430d93bbf64e98217c203b8319a) Importer(815301076,1909f56bfc062723c751e8b465ee728b)  -> (artifact id: '63e243dd11a727635bbdaba55eb92697') in 0.013643 seconds 
========================================================================
Received Import Request.
  Time since last request: 0.000022 seconds.
  path: Assets/Palettes/Palette Content/Tileset v2_29.asset
  artifactKey: Guid(e88c31ec901475b4795b57747146bba9) Importer(815301076,1909f56bfc062723c751e8b465ee728b)
Start importing Assets/Palettes/Palette Content/Tileset v2_29.asset using Guid(e88c31ec901475b4795b57747146bba9) Importer(815301076,1909f56bfc062723c751e8b465ee728b)  -> (artifact id: '25239b4e58398c6e074cac5995564f68') in 0.012262 seconds 
========================================================================
Received Import Request.
  Time since last request: 0.000022 seconds.
  path: Assets/Palettes/Palette Content/Tileset v2_41.asset
  artifactKey: Guid(b79893092a3fd7d449b36ae56b6476b2) Importer(815301076,1909f56bfc062723c751e8b465ee728b)
Start importing Assets/Palettes/Palette Content/Tileset v2_41.asset using Guid(b79893092a3fd7d449b36ae56b6476b2) Importer(815301076,1909f56bfc062723c751e8b465ee728b)  -> (artifact id: '5fa7a76f30251be2c908b49d539ff710') in 0.012625 seconds 
========================================================================
Received Import Request.
  Time since last request: 0.000028 seconds.
  path: Assets/Palettes/Palette Content/Tileset v2_46.asset
  artifactKey: Guid(b6c90aca38f66c346842e8c78e3e7729) Importer(815301076,1909f56bfc062723c751e8b465ee728b)
Start importing Assets/Palettes/Palette Content/Tileset v2_46.asset using Guid(b6c90aca38f66c346842e8c78e3e7729) Importer(815301076,1909f56bfc062723c751e8b465ee728b)  -> (artifact id: '09e7012ec640b14dd60f0a62c5950334') in 0.012423 seconds 
Editor requested this worker to shutdown with reason: Scaling down because of idle timeout
AssetImportWorker is now disconnected from the server
Process exiting
Exiting without the bug reporter. Application will terminate with return code 0