Using pre-set license
Built from '2020.2/release' branch; Version is '2020.2.1f1 (270dd8c3da1c) revision 2559448'; Using compiler version '192528614'; Build Type 'Release'
OS: 'Windows 10  (10.0.0) 64bit' Language: 'pt' Physical Memory: 16324 MB
BatchMode: 1, IsHumanControllingUs: 0, StartBugReporterOnCrash: 0, Is64bit: 1, IsPro: 0

 COMMAND LINE ARGUMENTS:
C:\Program Files\Unity\Editor\Unity.exe
-adb2
-batchMode
-noUpm
-name
AssetImportWorker0
-projectPath
C:/Projetos/Documentos/Projetos/Projetos/Unity/Projetos/ToKRmk
-logFile
Logs/AssetImportWorker0.log
-srvPort
64987
Successfully changed project path to: C:/Projetos/Documentos/Projetos/Projetos/Unity/Projetos/ToKRmk
C:/Projetos/Documentos/Projetos/Projetos/Unity/Projetos/ToKRmk
Using Asset Import Pipeline V2.
Refreshing native plugins compatible for Editor in 97.21 ms, found 1 plugins.
Preloading 0 native plugins for Editor in 0.00 ms.
Initialize engine version: 2020.2.1f1 (270dd8c3da1c)
[Subsystems] Discovering subsystems at path C:/Program Files/Unity/Editor/Data/Resources/UnitySubsystems
[Subsystems] Discovering subsystems at path C:/Projetos/Documentos/Projetos/Projetos/Unity/Projetos/ToKRmk/Assets
GfxDevice: creating device client; threaded=0
Direct3D:
    Version:  Direct3D 11.0 [level 11.0]
    Renderer: NVIDIA GeForce GTX 650 Ti (ID=0x11c6)
    Vendor:   
    VRAM:     984 MB
    Driver:   27.21.14.5671
Initialize mono
Mono path[0] = 'C:/Program Files/Unity/Editor/Data/Managed'
Mono path[1] = 'C:/Program Files/Unity/Editor/Data/MonoBleedingEdge/lib/mono/unityjit'
Mono config path = 'C:/Program Files/Unity/Editor/Data/MonoBleedingEdge/etc'
Using monoOptions --debugger-agent=transport=dt_socket,embedding=1,server=y,suspend=n,address=127.0.0.1:56816
Begin MonoManager ReloadAssembly
Registering precompiled unity dll's ...
Register platform support module: C:/Program Files/Unity/Editor/Data/PlaybackEngines/WindowsStandaloneSupport/UnityEditor.WindowsStandalone.Extensions.dll
Registered in 0.003842 seconds.
Native extension for WindowsStandalone target not found
Refreshing native plugins compatible for Editor in 108.39 ms, found 1 plugins.
Preloading 0 native plugins for Editor in 0.00 ms.
Invoked RoslynAnalysisRunner static constructor.
RoslynAnalysisRunner will not be running.
RoslynAnalysisRunner has terminated.
Mono: successfully reloaded assembly
- Completed reload, in  2.213 seconds
Platform modules already initialized, skipping
Registering precompiled user dll's ...
Registered in 0.002090 seconds.
Begin MonoManager ReloadAssembly
Native extension for WindowsStandalone target not found
Refreshing native plugins compatible for Editor in 96.91 ms, found 1 plugins.
Preloading 0 native plugins for Editor in 0.00 ms.
Invoked RoslynAnalysisRunner static constructor.
RoslynAnalysisRunner will not be running.
RoslynAnalysisRunner has terminated.
Mono: successfully reloaded assembly
- Completed reload, in  2.160 seconds
Platform modules already initialized, skipping
========================================================================
Worker process is ready to serve import requests
Launched and connected shader compiler UnityShaderCompiler.exe after 0.20 seconds
Refreshing native plugins compatible for Editor in 0.75 ms, found 1 plugins.
Preloading 0 native plugins for Editor in 0.00 ms.
Unloading 1800 Unused Serialized files (Serialized files now loaded: 0)
System memory in use before: 85.5 MB.
System memory in use after: 85.6 MB.

Unloading 19 unused Assets to reduce memory usage. Loaded Objects now: 2246.
Total: 3.391300 ms (FindLiveObjects: 0.259800 ms CreateObjectMapping: 0.217300 ms MarkObjects: 2.815900 ms  DeleteObjects: 0.096600 ms)

========================================================================
Received Import Request.
  path: Assets/MoveFoward.cs
  artifactKey: Guid(5ae90a5d0af92cb47900321ee7086114) Importer(815301076,1909f56bfc062723c751e8b465ee728b)
Start importing Assets/MoveFoward.cs using Guid(5ae90a5d0af92cb47900321ee7086114) Importer(815301076,1909f56bfc062723c751e8b465ee728b)  -> (artifact id: '883c8bd0dafd7f6759ed7e394ca6e051') in 0.049940 seconds
  Import took 0.075701 seconds .

========================================================================
Received Import Request.
  Time since last request: 0.000580 seconds.
  path: Assets/CombatController.cs
  artifactKey: Guid(c750c4f8cedeb314bb27783202c9e45c) Importer(815301076,1909f56bfc062723c751e8b465ee728b)
Start importing Assets/CombatController.cs using Guid(c750c4f8cedeb314bb27783202c9e45c) Importer(815301076,1909f56bfc062723c751e8b465ee728b)  -> (artifact id: '7e0306b5f6b002ff1304c8fb901af9f9') in 0.013127 seconds
  Import took 0.036074 seconds .

========================================================================
Received Import Request.
  Time since last request: 2.353165 seconds.
  path: Assets/Player.cs
  artifactKey: Guid(1da259673890342449aa0aa742286e52) Importer(815301076,1909f56bfc062723c751e8b465ee728b)
Start importing Assets/Player.cs using Guid(1da259673890342449aa0aa742286e52) Importer(815301076,1909f56bfc062723c751e8b465ee728b)  -> (artifact id: '2fe0ca0c9504a1e7bc5b33e66cc4580c') in 0.010947 seconds
  Import took 0.018163 seconds .

========================================================================
Received Import Request.
  Time since last request: 0.001910 seconds.
  path: Assets/Player.cs
  artifactKey: Guid(1da259673890342449aa0aa742286e52) Importer(815301076,1909f56bfc062723c751e8b465ee728b)
Start importing Assets/Player.cs using Guid(1da259673890342449aa0aa742286e52) Importer(815301076,1909f56bfc062723c751e8b465ee728b)  -> (artifact id: '2fe0ca0c9504a1e7bc5b33e66cc4580c') in 0.004836 seconds
  Import took 0.010316 seconds .

========================================================================
Received Import Request.
  Time since last request: 13.088024 seconds.
  path: Assets/WeaponPos.cs
  artifactKey: Guid(1af16d8668484664ba99d7598a13e1a4) Importer(815301076,1909f56bfc062723c751e8b465ee728b)
Start importing Assets/WeaponPos.cs using Guid(1af16d8668484664ba99d7598a13e1a4) Importer(815301076,1909f56bfc062723c751e8b465ee728b)  -> (artifact id: '1d2fd66a4e82d09974984c9b4beaa2b7') in 0.012108 seconds
  Import took 0.036742 seconds .

========================================================================
Received Import Request.
  Time since last request: 0.045699 seconds.
  path: Assets/WeaponPos.cs
  artifactKey: Guid(1af16d8668484664ba99d7598a13e1a4) Importer(815301076,1909f56bfc062723c751e8b465ee728b)
Start importing Assets/WeaponPos.cs using Guid(1af16d8668484664ba99d7598a13e1a4) Importer(815301076,1909f56bfc062723c751e8b465ee728b)  -> (artifact id: '1d2fd66a4e82d09974984c9b4beaa2b7') in 0.004671 seconds
  Import took 0.010539 seconds .

========================================================================
Received Prepare
Registering precompiled user dll's ...
Registered in 0.002118 seconds.
Begin MonoManager ReloadAssembly
Native extension for WindowsStandalone target not found
Refreshing native plugins compatible for Editor in 0.75 ms, found 1 plugins.
Preloading 0 native plugins for Editor in 0.00 ms.
Invoked RoslynAnalysisRunner static constructor.
RoslynAnalysisRunner will not be running.
RoslynAnalysisRunner has terminated.
Mono: successfully reloaded assembly
- Completed reload, in  2.188 seconds
Platform modules already initialized, skipping
Refreshing native plugins compatible for Editor in 0.74 ms, found 1 plugins.
Preloading 0 native plugins for Editor in 0.00 ms.
Unloading 1779 Unused Serialized files (Serialized files now loaded: 0)
System memory in use before: 84.5 MB.
System memory in use after: 84.6 MB.

Unloading 8 unused Assets to reduce memory usage. Loaded Objects now: 2248.
Total: 2.952100 ms (FindLiveObjects: 0.255200 ms CreateObjectMapping: 0.118400 ms MarkObjects: 2.550400 ms  DeleteObjects: 0.025600 ms)

AssetImportWorkerClient::OnTransportError - code=2 error=End of file
