Using pre-set license
Built from '2022.3/staging' branch; Version is '2022.3.16f1 (d2c21f0ef2f1) revision 13812255'; Using compiler version '192829333'; Build Type 'Release'
OS: 'Windows 10  (10.0.19045) 64bit Professional' Language: 'pt' Physical Memory: 32708 MB
BatchMode: 1, IsHumanControllingUs: 0, StartBugReporterOnCrash: 0, Is64bit: 1, IsPro: 1

COMMAND LINE ARGUMENTS:
C:\Program Files\Unity\Hub\Editor\2022.3.16f1\Editor\Unity.exe
-adb2
-batchMode
-noUpm
-name
AssetImportWorker4
-projectPath
C:/Users/rafae/Documents/GitHub/ToKRmk
-logFile
Logs/AssetImportWorker4.log
-srvPort
53039
Successfully changed project path to: C:/Users/rafae/Documents/GitHub/ToKRmk
C:/Users/rafae/Documents/GitHub/ToKRmk
[UnityMemory] Configuration Parameters - Can be set up in boot.config
    "memorysetup-bucket-allocator-granularity=16"
    "memorysetup-bucket-allocator-bucket-count=8"
    "memorysetup-bucket-allocator-block-size=33554432"
    "memorysetup-bucket-allocator-block-count=8"
    "memorysetup-main-allocator-block-size=16777216"
    "memorysetup-thread-allocator-block-size=16777216"
    "memorysetup-gfx-main-allocator-block-size=16777216"
    "memorysetup-gfx-thread-allocator-block-size=16777216"
    "memorysetup-cache-allocator-block-size=4194304"
    "memorysetup-typetree-allocator-block-size=2097152"
    "memorysetup-profiler-bucket-allocator-granularity=16"
    "memorysetup-profiler-bucket-allocator-bucket-count=8"
    "memorysetup-profiler-bucket-allocator-block-size=33554432"
    "memorysetup-profiler-bucket-allocator-block-count=8"
    "memorysetup-profiler-allocator-block-size=16777216"
    "memorysetup-profiler-editor-allocator-block-size=1048576"
    "memorysetup-temp-allocator-size-main=16777216"
    "memorysetup-job-temp-allocator-block-size=2097152"
    "memorysetup-job-temp-allocator-block-size-background=1048576"
    "memorysetup-job-temp-allocator-reduction-small-platforms=262144"
    "memorysetup-allocator-temp-initial-block-size-main=262144"
    "memorysetup-allocator-temp-initial-block-size-worker=262144"
    "memorysetup-temp-allocator-size-background-worker=32768"
    "memorysetup-temp-allocator-size-job-worker=262144"
    "memorysetup-temp-allocator-size-preload-manager=33554432"
    "memorysetup-temp-allocator-size-nav-mesh-worker=65536"
    "memorysetup-temp-allocator-size-audio-worker=65536"
    "memorysetup-temp-allocator-size-cloud-worker=32768"
    "memorysetup-temp-allocator-size-gi-baking-worker=262144"
    "memorysetup-temp-allocator-size-gfx=262144"
Player connection [23480] Host "[IP] 10.10.10.100 [Port] 0 [Flags] 2 [Guid] 903453632 [EditorId] 903453632 [Version] 1048832 [Id] WindowsEditor(7,PC-01) [Debug] 1 [PackageName] WindowsEditor [ProjectName] Editor" joined multi-casting on [225.0.0.222:54997]...

Player connection [23480] Host "[IP] 10.10.10.100 [Port] 0 [Flags] 2 [Guid] 903453632 [EditorId] 903453632 [Version] 1048832 [Id] WindowsEditor(7,PC-01) [Debug] 1 [PackageName] WindowsEditor [ProjectName] Editor" joined alternative multi-casting on [225.0.0.222:34997]...

[Physics::Module] Initialized MultithreadedJobDispatcher with 11 workers.
Refreshing native plugins compatible for Editor in 21.99 ms, found 3 plugins.
Preloading 0 native plugins for Editor in 0.00 ms.
Initialize engine version: 2022.3.16f1 (d2c21f0ef2f1)
[Subsystems] Discovering subsystems at path C:/Program Files/Unity/Hub/Editor/2022.3.16f1/Editor/Data/Resources/UnitySubsystems
[Subsystems] Discovering subsystems at path C:/Users/rafae/Documents/GitHub/ToKRmk/Assets
GfxDevice: creating device client; threaded=0; jobified=0
Direct3D:
    Version:  Direct3D 11.0 [level 11.1]
    Renderer: NVIDIA GeForce GTX 1660 SUPER (ID=0x21c4)
    Vendor:   NVIDIA
    VRAM:     5981 MB
    Driver:   31.0.15.4633
Initialize mono
Mono path[0] = 'C:/Program Files/Unity/Hub/Editor/2022.3.16f1/Editor/Data/Managed'
Mono path[1] = 'C:/Program Files/Unity/Hub/Editor/2022.3.16f1/Editor/Data/MonoBleedingEdge/lib/mono/unityjit-win32'
Mono config path = 'C:/Program Files/Unity/Hub/Editor/2022.3.16f1/Editor/Data/MonoBleedingEdge/etc'
Using monoOptions --debugger-agent=transport=dt_socket,embedding=1,server=y,suspend=n,address=127.0.0.1:56196
Begin MonoManager ReloadAssembly
Registering precompiled unity dll's ...
Register platform support module: C:/Program Files/Unity/Hub/Editor/2022.3.16f1/Editor/Data/PlaybackEngines/WindowsStandaloneSupport/UnityEditor.WindowsStandalone.Extensions.dll
Registered in 0.026041 seconds.
- Loaded All Assemblies, in  0.578 seconds
Native extension for WindowsStandalone target not found
Mono: successfully reloaded assembly
- Finished resetting the current domain, in  0.388 seconds
Domain Reload Profiling: 960ms
	BeginReloadAssembly (174ms)
		ExecutionOrderSort (0ms)
		DisableScriptedObjects (0ms)
		BackupInstance (0ms)
		ReleaseScriptingObjects (0ms)
		CreateAndSetChildDomain (1ms)
	RebuildCommonClasses (69ms)
	RebuildNativeTypeToScriptingClass (15ms)
	initialDomainReloadingComplete (108ms)
	LoadAllAssembliesAndSetupDomain (206ms)
		LoadAssemblies (169ms)
		RebuildTransferFunctionScriptingTraits (0ms)
		AnalyzeDomain (203ms)
			TypeCache.Refresh (202ms)
				TypeCache.ScanAssembly (183ms)
			ScanForSourceGeneratedMonoScriptInfo (0ms)
			ResolveRequiredComponents (1ms)
	FinalizeReload (388ms)
		ReleaseScriptCaches (0ms)
		RebuildScriptCaches (0ms)
		SetupLoadedEditorAssemblies (301ms)
			LogAssemblyErrors (0ms)
			InitializePlatformSupportModulesInManaged (21ms)
			SetLoadedEditorAssemblies (10ms)
			RefreshPlugins (0ms)
			BeforeProcessingInitializeOnLoad (3ms)
			ProcessInitializeOnLoadAttributes (202ms)
			ProcessInitializeOnLoadMethodAttributes (66ms)
			AfterProcessingInitializeOnLoad (0ms)
			EditorAssembliesLoaded (0ms)
		ExecutionOrderSort2 (0ms)
		AwakeInstancesAfterBackupRestoration (0ms)
========================================================================
Worker process is ready to serve import requests
Begin MonoManager ReloadAssembly
- Loaded All Assemblies, in  0.982 seconds
Refreshing native plugins compatible for Editor in 10.55 ms, found 3 plugins.
Native extension for WindowsStandalone target not found
Package Manager log level set to [2]
[Package Manager] Server::EnsureServerProcessIsRunning -- launch failed, reason: Unity was launched with the -noUpm command-line argument
[Package Manager] UpmClient::Send -- Unable to send message (not connected to UPM process).
[Package Manager] Cannot connect to Unity Package Manager local server
Mono: successfully reloaded assembly
- Finished resetting the current domain, in  0.944 seconds
Domain Reload Profiling: 1912ms
	BeginReloadAssembly (250ms)
		ExecutionOrderSort (0ms)
		DisableScriptedObjects (9ms)
		BackupInstance (0ms)
		ReleaseScriptingObjects (0ms)
		CreateAndSetChildDomain (29ms)
	RebuildCommonClasses (55ms)
	RebuildNativeTypeToScriptingClass (16ms)
	initialDomainReloadingComplete (82ms)
	LoadAllAssembliesAndSetupDomain (565ms)
		LoadAssemblies (521ms)
		RebuildTransferFunctionScriptingTraits (0ms)
		AnalyzeDomain (197ms)
			TypeCache.Refresh (169ms)
				TypeCache.ScanAssembly (149ms)
			ScanForSourceGeneratedMonoScriptInfo (22ms)
			ResolveRequiredComponents (5ms)
	FinalizeReload (944ms)
		ReleaseScriptCaches (0ms)
		RebuildScriptCaches (0ms)
		SetupLoadedEditorAssemblies (694ms)
			LogAssemblyErrors (0ms)
			InitializePlatformSupportModulesInManaged (15ms)
			SetLoadedEditorAssemblies (5ms)
			RefreshPlugins (0ms)
			BeforeProcessingInitializeOnLoad (119ms)
			ProcessInitializeOnLoadAttributes (477ms)
			ProcessInitializeOnLoadMethodAttributes (53ms)
			AfterProcessingInitializeOnLoad (25ms)
			EditorAssembliesLoaded (0ms)
		ExecutionOrderSort2 (0ms)
		AwakeInstancesAfterBackupRestoration (12ms)
Launched and connected shader compiler UnityShaderCompiler.exe after 0.08 seconds
Refreshing native plugins compatible for Editor in 10.91 ms, found 3 plugins.
Preloading 0 native plugins for Editor in 0.00 ms.
Unloading 2438 Unused Serialized files (Serialized files now loaded: 0)
Unloading 55 unused Assets / (58.5 KB). Loaded Objects now: 2905.
Memory consumption went from 112.8 MB to 112.8 MB.
Total: 4.035300 ms (FindLiveObjects: 0.226800 ms CreateObjectMapping: 0.097000 ms MarkObjects: 3.579300 ms  DeleteObjects: 0.131000 ms)

AssetImportParameters requested are different than current active one (requested -> active):
  custom:video-decoder-webm-vp8: 9c59270c3fd7afecdb556c50c9e8de78 -> 
  custom:SearchIndexIgnoredProperties: e643bd26f0fe6173181afceb89e7c659 -> 
  custom:container-demuxer-ogg: 62fdf1f143b41e24485cea50d1cbac27 -> 
  custom:AudioImporter_EditorPlatform: d09bf68614088b80899f8185d706f6e7 -> 
  custom:video-decoder-ogg-theora: a1e56fd34408186e4bbccfd4996cb3dc -> 
  custom:framework-win-MediaFoundation: 216162199b28c13a410421893ffa2e32 -> 
  custom:video-encoder-webm-vp8: eb34c28f22e8b96e1ab97ce403110664 -> 
  custom:audio-decoder-ogg-vorbis: bf7c407c2cedff20999df2af8eb42d56 -> 
  custom:CustomObjectIndexerAttribute: 43b350a4d6e6d1791af0b5038c4bea17 -> 
  custom:container-demuxer-webm: 4f35f7cbe854078d1ac9338744f61a02 -> 
  custom:audio-encoder-webm-vorbis: bf7c407c2cedff20999df2af8eb42d56 -> 
  custom:container-muxer-webm: aa71ff27fc2769a1b78a27578f13a17b -> 
========================================================================
Received Import Request.
  Time since last request: 8863.225908 seconds.
  path: Assets/Sprites/Objects/Chest/Materials
  artifactKey: Guid(a3679b04f004d12459ac3e63af5caacf) Importer(815301076,1909f56bfc062723c751e8b465ee728b)
Start importing Assets/Sprites/Objects/Chest/Materials using Guid(a3679b04f004d12459ac3e63af5caacf) Importer(815301076,1909f56bfc062723c751e8b465ee728b)  -> (artifact id: 'cbc60721a6d77d7e305e66efcedee0da') in 0.003672 seconds
Number of updated asset objects reloaded before import = 0
Number of asset objects unloaded after import = 0
========================================================================
Received Import Request.
  Time since last request: 2.347873 seconds.
  path: Assets/Sprites/Objects/Chest/Materials/chest_empty_open_anim_f2.mat
  artifactKey: Guid(a1bc36ef4b55b0f4eb95d8ecfe0534c2) Importer(815301076,1909f56bfc062723c751e8b465ee728b)
Start importing Assets/Sprites/Objects/Chest/Materials/chest_empty_open_anim_f2.mat using Guid(a1bc36ef4b55b0f4eb95d8ecfe0534c2) Importer(815301076,1909f56bfc062723c751e8b465ee728b)  -> (artifact id: '558c06f07569337eee82d33d140ac5e3') in 0.186352 seconds
Number of updated asset objects reloaded before import = 0
Number of asset objects unloaded after import = 2
========================================================================
Received Import Request.
  Time since last request: 29.543889 seconds.
  path: Assets/Palettes
  artifactKey: Guid(5a35a3610cdd64c48b4a5f377f263eed) Importer(815301076,1909f56bfc062723c751e8b465ee728b)
Start importing Assets/Palettes using Guid(5a35a3610cdd64c48b4a5f377f263eed) Importer(815301076,1909f56bfc062723c751e8b465ee728b)  -> (artifact id: 'b83910954479b3122644b30e093ed03d') in 0.000886 seconds
Number of updated asset objects reloaded before import = 0
Number of asset objects unloaded after import = 0
========================================================================
Received Import Request.
  Time since last request: 0.902922 seconds.
  path: Assets/Palettes/Palette.prefab
  artifactKey: Guid(298b8107740936b4ba9023d98f065f57) Importer(815301076,1909f56bfc062723c751e8b465ee728b)
Start importing Assets/Palettes/Palette.prefab using Guid(298b8107740936b4ba9023d98f065f57) Importer(815301076,1909f56bfc062723c751e8b465ee728b)  -> (artifact id: '55c0cba4d42d666f06581f6fc7ca685f') in 0.212650 seconds
Number of updated asset objects reloaded before import = 0
Number of asset objects unloaded after import = 332
========================================================================
Received Import Request.
  Time since last request: 3.173232 seconds.
  path: Assets/Palettes/Palette Content
  artifactKey: Guid(b12b89fb3d7c0df499d1220e57e21235) Importer(815301076,1909f56bfc062723c751e8b465ee728b)
Start importing Assets/Palettes/Palette Content using Guid(b12b89fb3d7c0df499d1220e57e21235) Importer(815301076,1909f56bfc062723c751e8b465ee728b)  -> (artifact id: '12fb9e9d2c92684c1f4d074ea91bf43d') in 0.001045 seconds
Number of updated asset objects reloaded before import = 0
Number of asset objects unloaded after import = 0
========================================================================
Received Import Request.
  Time since last request: 0.088132 seconds.
  path: Assets/Palettes/Palette Content/Floor Detail_0.asset
  artifactKey: Guid(e31c57f8deaea2a4aa1ebbddaef8de7b) Importer(815301076,1909f56bfc062723c751e8b465ee728b)
Start importing Assets/Palettes/Palette Content/Floor Detail_0.asset using Guid(e31c57f8deaea2a4aa1ebbddaef8de7b) Importer(815301076,1909f56bfc062723c751e8b465ee728b)  -> (artifact id: 'dd5e425a38f892450ebfcb110c4f7157') in 0.006728 seconds
Number of updated asset objects reloaded before import = 0
Number of asset objects unloaded after import = 1
========================================================================
Received Import Request.
  Time since last request: 0.012904 seconds.
  path: Assets/Palettes/Palette Content/Floor Detail_3.asset
  artifactKey: Guid(fcc2f01077ef7b84da2b209ff949bb14) Importer(815301076,1909f56bfc062723c751e8b465ee728b)
Start importing Assets/Palettes/Palette Content/Floor Detail_3.asset using Guid(fcc2f01077ef7b84da2b209ff949bb14) Importer(815301076,1909f56bfc062723c751e8b465ee728b)  -> (artifact id: 'b2e9c6b945ff8519929e0c676da6ba4d') in 0.002787 seconds
Number of updated asset objects reloaded before import = 0
Number of asset objects unloaded after import = 1
========================================================================
Received Import Request.
  Time since last request: 0.000015 seconds.
  path: Assets/Palettes/Palette Content/Floor Detail_6.asset
  artifactKey: Guid(725502df555527c41b19b7351e663911) Importer(815301076,1909f56bfc062723c751e8b465ee728b)
Start importing Assets/Palettes/Palette Content/Floor Detail_6.asset using Guid(725502df555527c41b19b7351e663911) Importer(815301076,1909f56bfc062723c751e8b465ee728b)  -> (artifact id: '8a91c76a6a9d7db42c3cb007e373b1d1') in 0.002105 seconds
Number of updated asset objects reloaded before import = 0
Number of asset objects unloaded after import = 1
========================================================================
Received Import Request.
  Time since last request: 0.000020 seconds.
  path: Assets/Palettes/Palette Content/Floor Detail_9.asset
  artifactKey: Guid(4b34e83341831794685ab136ff8adc68) Importer(815301076,1909f56bfc062723c751e8b465ee728b)
Start importing Assets/Palettes/Palette Content/Floor Detail_9.asset using Guid(4b34e83341831794685ab136ff8adc68) Importer(815301076,1909f56bfc062723c751e8b465ee728b)  -> (artifact id: '16ff5b950294fefb1e119794f5c8035c') in 0.004315 seconds
Number of updated asset objects reloaded before import = 0
Number of asset objects unloaded after import = 1
========================================================================
Received Import Request.
  Time since last request: 0.000016 seconds.
  path: Assets/Palettes/Palette Content/Tileset v1_1.asset
  artifactKey: Guid(92fc68bcd6ae2684a9ba376e3a446103) Importer(815301076,1909f56bfc062723c751e8b465ee728b)
Start importing Assets/Palettes/Palette Content/Tileset v1_1.asset using Guid(92fc68bcd6ae2684a9ba376e3a446103) Importer(815301076,1909f56bfc062723c751e8b465ee728b)  -> (artifact id: '22f9362542655da5b88359ea9b9fd263') in 0.018633 seconds
Number of updated asset objects reloaded before import = 0
Number of asset objects unloaded after import = 3
========================================================================
Received Import Request.
  Time since last request: 0.000016 seconds.
  path: Assets/Palettes/Palette Content/Tileset v1_36.asset
  artifactKey: Guid(287f3705709f53e41bed957afc3cbc9b) Importer(815301076,1909f56bfc062723c751e8b465ee728b)
Start importing Assets/Palettes/Palette Content/Tileset v1_36.asset using Guid(287f3705709f53e41bed957afc3cbc9b) Importer(815301076,1909f56bfc062723c751e8b465ee728b)  -> (artifact id: '288a6009fc0dad629c8306f53fe38031') in 0.013131 seconds
Number of updated asset objects reloaded before import = 0
Number of asset objects unloaded after import = 3
========================================================================
Received Import Request.
  Time since last request: 0.000017 seconds.
  path: Assets/Palettes/Palette Content/Tileset v1_45.asset
  artifactKey: Guid(44a898abc7d75b7478b3638526bcadbf) Importer(815301076,1909f56bfc062723c751e8b465ee728b)
Start importing Assets/Palettes/Palette Content/Tileset v1_45.asset using Guid(44a898abc7d75b7478b3638526bcadbf) Importer(815301076,1909f56bfc062723c751e8b465ee728b)  -> (artifact id: 'b604b702b340521f44c89dd035b06c71') in 0.013122 seconds
Number of updated asset objects reloaded before import = 0
Number of asset objects unloaded after import = 3
========================================================================
Received Import Request.
  Time since last request: 0.000016 seconds.
  path: Assets/Palettes/Palette Content/Tileset v1_62.asset
  artifactKey: Guid(ce14351c6304f8945a1ba7b6fe68c23f) Importer(815301076,1909f56bfc062723c751e8b465ee728b)
Start importing Assets/Palettes/Palette Content/Tileset v1_62.asset using Guid(ce14351c6304f8945a1ba7b6fe68c23f) Importer(815301076,1909f56bfc062723c751e8b465ee728b)  -> (artifact id: 'b317b907a53064377fb2641675e57871') in 0.013547 seconds
Number of updated asset objects reloaded before import = 0
Number of asset objects unloaded after import = 3
========================================================================
Received Import Request.
  Time since last request: 0.000021 seconds.
  path: Assets/Palettes/Palette Content/Tileset v1_9.asset
  artifactKey: Guid(afb406b4db7c14041914da99d1780d79) Importer(815301076,1909f56bfc062723c751e8b465ee728b)
Start importing Assets/Palettes/Palette Content/Tileset v1_9.asset using Guid(afb406b4db7c14041914da99d1780d79) Importer(815301076,1909f56bfc062723c751e8b465ee728b)  -> (artifact id: 'c80b0ac3aeb2d05d791c14b4c3508c7a') in 0.013254 seconds
Number of updated asset objects reloaded before import = 0
Number of asset objects unloaded after import = 3
========================================================================
Received Import Request.
  Time since last request: 0.000030 seconds.
  path: Assets/Palettes/Palette Content/Tileset v1_50.asset
  artifactKey: Guid(d834d2fbb4df04947ad8d26980f56f0d) Importer(815301076,1909f56bfc062723c751e8b465ee728b)
Start importing Assets/Palettes/Palette Content/Tileset v1_50.asset using Guid(d834d2fbb4df04947ad8d26980f56f0d) Importer(815301076,1909f56bfc062723c751e8b465ee728b)  -> (artifact id: '334e7d1bd8f6b6b66861028bd5822695') in 0.013633 seconds
Number of updated asset objects reloaded before import = 0
Number of asset objects unloaded after import = 3
========================================================================
Received Import Request.
  Time since last request: 0.000016 seconds.
  path: Assets/Palettes/Palette Content/Tileset v1_52.asset
  artifactKey: Guid(3bc00caa05eedc740a70bb3e5c14433e) Importer(815301076,1909f56bfc062723c751e8b465ee728b)
Start importing Assets/Palettes/Palette Content/Tileset v1_52.asset using Guid(3bc00caa05eedc740a70bb3e5c14433e) Importer(815301076,1909f56bfc062723c751e8b465ee728b)  -> (artifact id: 'f0e9c58f4e9b1b02a62fe9b11583358c') in 0.013332 seconds
Number of updated asset objects reloaded before import = 0
Number of asset objects unloaded after import = 3
========================================================================
Received Import Request.
  Time since last request: 0.000019 seconds.
  path: Assets/Palettes/Palette Content/Tileset v1_0.asset
  artifactKey: Guid(a11242cbbb1cf31429ec344b30f5a4fc) Importer(815301076,1909f56bfc062723c751e8b465ee728b)
Start importing Assets/Palettes/Palette Content/Tileset v1_0.asset using Guid(a11242cbbb1cf31429ec344b30f5a4fc) Importer(815301076,1909f56bfc062723c751e8b465ee728b)  -> (artifact id: '9418725ceed13fc0f4473db8cf284a34') in 0.017260 seconds
Number of updated asset objects reloaded before import = 0
Number of asset objects unloaded after import = 3
========================================================================
Received Import Request.
  Time since last request: 0.000016 seconds.
  path: Assets/Palettes/Palette Content/Tileset v1_37.asset
  artifactKey: Guid(5d00abc74603cd1468828d4607b65be6) Importer(815301076,1909f56bfc062723c751e8b465ee728b)
Start importing Assets/Palettes/Palette Content/Tileset v1_37.asset using Guid(5d00abc74603cd1468828d4607b65be6) Importer(815301076,1909f56bfc062723c751e8b465ee728b)  -> (artifact id: 'a1dbe6059b8901da49865a6a3c811fe6') in 0.013051 seconds
Number of updated asset objects reloaded before import = 0
Number of asset objects unloaded after import = 3
========================================================================
Received Import Request.
  Time since last request: 0.000017 seconds.
  path: Assets/Palettes/Palette Content/Tileset v1_51.asset
  artifactKey: Guid(cc6a32a47cf2cb643a638df5fb454955) Importer(815301076,1909f56bfc062723c751e8b465ee728b)
Start importing Assets/Palettes/Palette Content/Tileset v1_51.asset using Guid(cc6a32a47cf2cb643a638df5fb454955) Importer(815301076,1909f56bfc062723c751e8b465ee728b)  -> (artifact id: 'b9d8251dc7d53c131bcd857256d7269c') in 0.015013 seconds
Number of updated asset objects reloaded before import = 0
Number of asset objects unloaded after import = 3
========================================================================
Received Import Request.
  Time since last request: 0.000019 seconds.
  path: Assets/Palettes/Palette Content/Tileset v1_4.asset
  artifactKey: Guid(fe934755b8993474391fae7ea36c5dee) Importer(815301076,1909f56bfc062723c751e8b465ee728b)
Start importing Assets/Palettes/Palette Content/Tileset v1_4.asset using Guid(fe934755b8993474391fae7ea36c5dee) Importer(815301076,1909f56bfc062723c751e8b465ee728b)  -> (artifact id: 'a3f29fddbcc8e00befe48ae5839a4729') in 0.013252 seconds
Number of updated asset objects reloaded before import = 0
Number of asset objects unloaded after import = 3
========================================================================
Received Import Request.
  Time since last request: 0.000020 seconds.
  path: Assets/Palettes/Palette Content/Tileset v1_11.asset
  artifactKey: Guid(aeb035e57c7cdc74ba5f07b7507d912e) Importer(815301076,1909f56bfc062723c751e8b465ee728b)
Start importing Assets/Palettes/Palette Content/Tileset v1_11.asset using Guid(aeb035e57c7cdc74ba5f07b7507d912e) Importer(815301076,1909f56bfc062723c751e8b465ee728b)  -> (artifact id: '21918d124ee9b93644916bc3fab96643') in 0.014365 seconds
Number of updated asset objects reloaded before import = 0
Number of asset objects unloaded after import = 3
========================================================================
Received Import Request.
  Time since last request: 0.000020 seconds.
  path: Assets/Palettes/Palette Content/Tileset v1_65.asset
  artifactKey: Guid(094e7916113a5114d85c93c3d1f2908b) Importer(815301076,1909f56bfc062723c751e8b465ee728b)
Start importing Assets/Palettes/Palette Content/Tileset v1_65.asset using Guid(094e7916113a5114d85c93c3d1f2908b) Importer(815301076,1909f56bfc062723c751e8b465ee728b)  -> (artifact id: '98d5dff16ac15af37569a70b67b312ad') in 0.018318 seconds
Number of updated asset objects reloaded before import = 0
Number of asset objects unloaded after import = 3
========================================================================
Received Import Request.
  Time since last request: 0.000016 seconds.
  path: Assets/Palettes/Palette Content/Tileset v1_68.asset
  artifactKey: Guid(6892f7af6151fd34d8168dcef8851378) Importer(815301076,1909f56bfc062723c751e8b465ee728b)
Start importing Assets/Palettes/Palette Content/Tileset v1_68.asset using Guid(6892f7af6151fd34d8168dcef8851378) Importer(815301076,1909f56bfc062723c751e8b465ee728b)  -> (artifact id: '739b1539c04b9614193960748bc0a7cc') in 0.015779 seconds
Number of updated asset objects reloaded before import = 0
Number of asset objects unloaded after import = 3
========================================================================
Received Import Request.
  Time since last request: 0.000019 seconds.
  path: Assets/Palettes/Palette Content/Tileset v1_27.asset
  artifactKey: Guid(2df67456a58787f4692de21b134bb109) Importer(815301076,1909f56bfc062723c751e8b465ee728b)
Start importing Assets/Palettes/Palette Content/Tileset v1_27.asset using Guid(2df67456a58787f4692de21b134bb109) Importer(815301076,1909f56bfc062723c751e8b465ee728b)  -> (artifact id: '2ba1740bc77a8618e1ea0a16806c4f95') in 0.015459 seconds
Number of updated asset objects reloaded before import = 0
Number of asset objects unloaded after import = 3
========================================================================
Received Import Request.
  Time since last request: 0.000019 seconds.
  path: Assets/Palettes/Palette Content/Tileset v1_12.asset
  artifactKey: Guid(404cf3c94c4458448a534a481c5d0ebd) Importer(815301076,1909f56bfc062723c751e8b465ee728b)
Start importing Assets/Palettes/Palette Content/Tileset v1_12.asset using Guid(404cf3c94c4458448a534a481c5d0ebd) Importer(815301076,1909f56bfc062723c751e8b465ee728b)  -> (artifact id: '061aa24d4155485033510daa9842ece6') in 0.015644 seconds
Number of updated asset objects reloaded before import = 0
Number of asset objects unloaded after import = 3
========================================================================
Received Import Request.
  Time since last request: 0.000016 seconds.
  path: Assets/Palettes/Palette Content/Tileset v1_26.asset
  artifactKey: Guid(7ca21f47209aa9c4ca1d492ac1a7b311) Importer(815301076,1909f56bfc062723c751e8b465ee728b)
Start importing Assets/Palettes/Palette Content/Tileset v1_26.asset using Guid(7ca21f47209aa9c4ca1d492ac1a7b311) Importer(815301076,1909f56bfc062723c751e8b465ee728b)  -> (artifact id: 'ae566fd8cd02be3543058386a8009b5a') in 0.013404 seconds
Number of updated asset objects reloaded before import = 0
Number of asset objects unloaded after import = 3
========================================================================
Received Import Request.
  Time since last request: 0.000016 seconds.
  path: Assets/Palettes/Palette Content/Tileset v1_23.asset
  artifactKey: Guid(506fa023ba799e042850d1e6f4354739) Importer(815301076,1909f56bfc062723c751e8b465ee728b)
Start importing Assets/Palettes/Palette Content/Tileset v1_23.asset using Guid(506fa023ba799e042850d1e6f4354739) Importer(815301076,1909f56bfc062723c751e8b465ee728b)  -> (artifact id: '029d14761b868e46ae54f9311732eede') in 0.013161 seconds
Number of updated asset objects reloaded before import = 0
Number of asset objects unloaded after import = 3
========================================================================
Received Import Request.
  Time since last request: 0.000016 seconds.
  path: Assets/Palettes/Palette Content/Tileset v1_21.asset
  artifactKey: Guid(5b1dcf9ec055c694f96a60f6c9fbae54) Importer(815301076,1909f56bfc062723c751e8b465ee728b)
Start importing Assets/Palettes/Palette Content/Tileset v1_21.asset using Guid(5b1dcf9ec055c694f96a60f6c9fbae54) Importer(815301076,1909f56bfc062723c751e8b465ee728b)  -> (artifact id: 'ece46004d9f65615fa59ef8b0b97c7d3') in 0.014644 seconds
Number of updated asset objects reloaded before import = 0
Number of asset objects unloaded after import = 3
========================================================================
Received Import Request.
  Time since last request: 0.000025 seconds.
  path: Assets/Palettes/Palette Content/Tileset v1_15.asset
  artifactKey: Guid(410c9cc220422df45993753e9260b3a3) Importer(815301076,1909f56bfc062723c751e8b465ee728b)
Start importing Assets/Palettes/Palette Content/Tileset v1_15.asset using Guid(410c9cc220422df45993753e9260b3a3) Importer(815301076,1909f56bfc062723c751e8b465ee728b)  -> (artifact id: 'd80efb9e6d158e2da1381632d8aa4824') in 0.013857 seconds
Number of updated asset objects reloaded before import = 0
Number of asset objects unloaded after import = 3
========================================================================
Received Import Request.
  Time since last request: 0.000026 seconds.
  path: Assets/Palettes/Palette Content/Tileset v1_6.asset
  artifactKey: Guid(967d791f1a0c9a74e870f57bc7b72dd9) Importer(815301076,1909f56bfc062723c751e8b465ee728b)
Start importing Assets/Palettes/Palette Content/Tileset v1_6.asset using Guid(967d791f1a0c9a74e870f57bc7b72dd9) Importer(815301076,1909f56bfc062723c751e8b465ee728b)  -> (artifact id: '355ba68bb8261c3c011f13fe17cd2398') in 0.012666 seconds
Number of updated asset objects reloaded before import = 0
Number of asset objects unloaded after import = 3
========================================================================
Received Import Request.
  Time since last request: 0.000016 seconds.
  path: Assets/Palettes/Palette Content/Tileset v1_18.asset
  artifactKey: Guid(dc6e4585bb159f645a792301990a909d) Importer(815301076,1909f56bfc062723c751e8b465ee728b)
Start importing Assets/Palettes/Palette Content/Tileset v1_18.asset using Guid(dc6e4585bb159f645a792301990a909d) Importer(815301076,1909f56bfc062723c751e8b465ee728b)  -> (artifact id: 'c69aed2ccfdd70cc6c6cfa621088eb36') in 0.014525 seconds
Number of updated asset objects reloaded before import = 0
Number of asset objects unloaded after import = 3
========================================================================
Received Import Request.
  Time since last request: 0.000019 seconds.
  path: Assets/Palettes/Palette Content/Tileset v1_58.asset
  artifactKey: Guid(3350d5de2c2a48c41947be65e590ecf6) Importer(815301076,1909f56bfc062723c751e8b465ee728b)
Start importing Assets/Palettes/Palette Content/Tileset v1_58.asset using Guid(3350d5de2c2a48c41947be65e590ecf6) Importer(815301076,1909f56bfc062723c751e8b465ee728b)  -> (artifact id: '87b4791a25dc45a113c52c8b65d9c3f4') in 0.014254 seconds
Number of updated asset objects reloaded before import = 0
Number of asset objects unloaded after import = 3
========================================================================
Received Import Request.
  Time since last request: 0.000019 seconds.
  path: Assets/Palettes/Palette Content/Tileset v1_16.asset
  artifactKey: Guid(47e1cbd5ad34d864ca5ceab5cab4cb30) Importer(815301076,1909f56bfc062723c751e8b465ee728b)
Start importing Assets/Palettes/Palette Content/Tileset v1_16.asset using Guid(47e1cbd5ad34d864ca5ceab5cab4cb30) Importer(815301076,1909f56bfc062723c751e8b465ee728b)  -> (artifact id: '3bbbe6049d17b60725e6cfa3216ee530') in 0.012565 seconds
Number of updated asset objects reloaded before import = 0
Number of asset objects unloaded after import = 3
========================================================================
Received Import Request.
  Time since last request: 0.000019 seconds.
  path: Assets/Palettes/Palette Content/Tileset v1_29.asset
  artifactKey: Guid(3d988b83342042b4eabfdcf67d7c03e8) Importer(815301076,1909f56bfc062723c751e8b465ee728b)
Start importing Assets/Palettes/Palette Content/Tileset v1_29.asset using Guid(3d988b83342042b4eabfdcf67d7c03e8) Importer(815301076,1909f56bfc062723c751e8b465ee728b)  -> (artifact id: '6630d44560a46294fb347deca74c1c03') in 0.013795 seconds
Number of updated asset objects reloaded before import = 0
Number of asset objects unloaded after import = 3
========================================================================
Received Import Request.
  Time since last request: 0.000018 seconds.
  path: Assets/Palettes/Palette Content/Tileset v1_64.asset
  artifactKey: Guid(8ccc57f05152bbf448b0ba9c9f56b383) Importer(815301076,1909f56bfc062723c751e8b465ee728b)
Start importing Assets/Palettes/Palette Content/Tileset v1_64.asset using Guid(8ccc57f05152bbf448b0ba9c9f56b383) Importer(815301076,1909f56bfc062723c751e8b465ee728b)  -> (artifact id: '1c8704d43cc994b12ac7fb6bcc02321b') in 0.013725 seconds
Number of updated asset objects reloaded before import = 0
Number of asset objects unloaded after import = 3
========================================================================
Received Import Request.
  Time since last request: 0.000016 seconds.
  path: Assets/Palettes/Palette Content/Tileset v1_57.asset
  artifactKey: Guid(bda445c00f36f5141a892cae48031ff5) Importer(815301076,1909f56bfc062723c751e8b465ee728b)
Start importing Assets/Palettes/Palette Content/Tileset v1_57.asset using Guid(bda445c00f36f5141a892cae48031ff5) Importer(815301076,1909f56bfc062723c751e8b465ee728b)  -> (artifact id: 'b929da6e88308f4ea877daafbd5b0894') in 0.020542 seconds
Number of updated asset objects reloaded before import = 0
Number of asset objects unloaded after import = 3
========================================================================
Received Import Request.
  Time since last request: 0.000016 seconds.
  path: Assets/Palettes/Palette Content/Tileset v1_49.asset
  artifactKey: Guid(300456191af7dd1408f7bb3138362a19) Importer(815301076,1909f56bfc062723c751e8b465ee728b)
Start importing Assets/Palettes/Palette Content/Tileset v1_49.asset using Guid(300456191af7dd1408f7bb3138362a19) Importer(815301076,1909f56bfc062723c751e8b465ee728b)  -> (artifact id: '53490ad09d86bb160366fdbaba674f56') in 0.012571 seconds
Number of updated asset objects reloaded before import = 0
Number of asset objects unloaded after import = 3
========================================================================
Received Import Request.
  Time since last request: 0.000018 seconds.
  path: Assets/Palettes/Palette Content/Tileset v1_60.asset
  artifactKey: Guid(5871d74f2eefd8941ad43a88c945c12f) Importer(815301076,1909f56bfc062723c751e8b465ee728b)
Start importing Assets/Palettes/Palette Content/Tileset v1_60.asset using Guid(5871d74f2eefd8941ad43a88c945c12f) Importer(815301076,1909f56bfc062723c751e8b465ee728b)  -> (artifact id: 'be74dcbefd1eaae382314c4b51e3d645') in 0.019003 seconds
Number of updated asset objects reloaded before import = 0
Number of asset objects unloaded after import = 3
========================================================================
Received Import Request.
  Time since last request: 0.000018 seconds.
  path: Assets/Palettes/Palette Content/Tileset v1_32.asset
  artifactKey: Guid(da3317b25b3d3ae449ff90013b8cd0a6) Importer(815301076,1909f56bfc062723c751e8b465ee728b)
Start importing Assets/Palettes/Palette Content/Tileset v1_32.asset using Guid(da3317b25b3d3ae449ff90013b8cd0a6) Importer(815301076,1909f56bfc062723c751e8b465ee728b)  -> (artifact id: '53fbd09b4b8c2e94a97f8e3920019e15') in 0.015243 seconds
Number of updated asset objects reloaded before import = 0
Number of asset objects unloaded after import = 3
========================================================================
Received Import Request.
  Time since last request: 0.000023 seconds.
  path: Assets/Palettes/Palette Content/Tileset v1_35.asset
  artifactKey: Guid(0e074c2e98a1a72438bfb805f39246f0) Importer(815301076,1909f56bfc062723c751e8b465ee728b)
Start importing Assets/Palettes/Palette Content/Tileset v1_35.asset using Guid(0e074c2e98a1a72438bfb805f39246f0) Importer(815301076,1909f56bfc062723c751e8b465ee728b)  -> (artifact id: '70ad3b40664a86e0f3ca53213da4f342') in 0.015924 seconds
Number of updated asset objects reloaded before import = 0
Number of asset objects unloaded after import = 3
========================================================================
Received Import Request.
  Time since last request: 0.000064 seconds.
  path: Assets/Palettes/Palette Content/Tileset v1_47.asset
  artifactKey: Guid(3f96ec160c21fe14e83d72d488aa886c) Importer(815301076,1909f56bfc062723c751e8b465ee728b)
Start importing Assets/Palettes/Palette Content/Tileset v1_47.asset using Guid(3f96ec160c21fe14e83d72d488aa886c) Importer(815301076,1909f56bfc062723c751e8b465ee728b)  -> (artifact id: '008a789a90a474760e8e0c877f9ab686') in 0.014350 seconds
Number of updated asset objects reloaded before import = 0
Number of asset objects unloaded after import = 3
========================================================================
Received Import Request.
  Time since last request: 0.000022 seconds.
  path: Assets/Palettes/Palette Content/Tileset v1_44.asset
  artifactKey: Guid(a85602cbef10e3f4f8a1fb18dcd49c1c) Importer(815301076,1909f56bfc062723c751e8b465ee728b)
Start importing Assets/Palettes/Palette Content/Tileset v1_44.asset using Guid(a85602cbef10e3f4f8a1fb18dcd49c1c) Importer(815301076,1909f56bfc062723c751e8b465ee728b)  -> (artifact id: '1b0f9b2104b20262464e1cf40f00d771') in 0.020847 seconds
Number of updated asset objects reloaded before import = 0
Number of asset objects unloaded after import = 3
========================================================================
Received Import Request.
  Time since last request: 0.000026 seconds.
  path: Assets/Palettes/Palette Content/Floor Detail_11.asset
  artifactKey: Guid(ab7ddeadaff8bd74bb01a639f3e22a43) Importer(815301076,1909f56bfc062723c751e8b465ee728b)
Start importing Assets/Palettes/Palette Content/Floor Detail_11.asset using Guid(ab7ddeadaff8bd74bb01a639f3e22a43) Importer(815301076,1909f56bfc062723c751e8b465ee728b)  -> (artifact id: 'e40083ebae6b28548c5879a9a8b6e6b2') in 0.003326 seconds
Number of updated asset objects reloaded before import = 0
Number of asset objects unloaded after import = 1
========================================================================
Received Import Request.
  Time since last request: 0.000026 seconds.
  path: Assets/Palettes/Palette Content/Tileset v1_54.asset
  artifactKey: Guid(586b89dc07ce69f47b567882707ad236) Importer(815301076,1909f56bfc062723c751e8b465ee728b)
Start importing Assets/Palettes/Palette Content/Tileset v1_54.asset using Guid(586b89dc07ce69f47b567882707ad236) Importer(815301076,1909f56bfc062723c751e8b465ee728b)  -> (artifact id: '4319400f41c7b700c6961a1407de5658') in 0.021263 seconds
Number of updated asset objects reloaded before import = 0
Number of asset objects unloaded after import = 3
Editor requested this worker to shutdown with reason: Scaling down because of idle timeout
TcpMessagingSession - receive error: operation aborted. errorcode: 995, details: A operação de E/S foi anulada devido a uma saída de thread ou a uma requisição de aplicativo.
AssetImportWorker is now disconnected from the server
Process exiting
Exiting without the bug reporter. Application will terminate with return code 0